TN:
SF:src/components/EnhancedErrorDisplay.tsx
FN:36,(anonymous_0)
FN:47,(anonymous_1)
FN:56,(anonymous_2)
FN:77,(anonymous_3)
FN:120,(anonymous_4)
FN:167,(anonymous_5)
FN:182,(anonymous_6)
FN:219,(anonymous_7)
FN:222,(anonymous_8)
FN:247,(anonymous_9)
FN:286,(anonymous_10)
FN:289,(anonymous_11)
FN:351,(anonymous_12)
FN:354,(anonymous_13)
FN:441,getErrorDisplayOptions
FN:480,getErrorActions
FN:508,getToastDuration
FN:522,isErrorRetryable
FN:535,isDifyErrorRetryable
FN:548,getAuthErrorTitle
FN:563,getAuthErrorDescription
FN:578,getAuthzErrorDescription
FN:584,getNetworkErrorTitle
FN:592,getNetworkErrorDescription
FN:608,getDifyErrorTitle
FN:613,getDifyErrorDescription
FN:630,getErrorColor
FN:645,getErrorIcon
FN:660,getErrorTitle
FN:675,getErrorMessage
FNF:30
FNH:0
FNDA:0,(anonymous_0)
FNDA:0,(anonymous_1)
FNDA:0,(anonymous_2)
FNDA:0,(anonymous_3)
FNDA:0,(anonymous_4)
FNDA:0,(anonymous_5)
FNDA:0,(anonymous_6)
FNDA:0,(anonymous_7)
FNDA:0,(anonymous_8)
FNDA:0,(anonymous_9)
FNDA:0,(anonymous_10)
FNDA:0,(anonymous_11)
FNDA:0,(anonymous_12)
FNDA:0,(anonymous_13)
FNDA:0,getErrorDisplayOptions
FNDA:0,getErrorActions
FNDA:0,getToastDuration
FNDA:0,isErrorRetryable
FNDA:0,isDifyErrorRetryable
FNDA:0,getAuthErrorTitle
FNDA:0,getAuthErrorDescription
FNDA:0,getAuthzErrorDescription
FNDA:0,getNetworkErrorTitle
FNDA:0,getNetworkErrorDescription
FNDA:0,getDifyErrorTitle
FNDA:0,getDifyErrorDescription
FNDA:0,getErrorColor
FNDA:0,getErrorIcon
FNDA:0,getErrorTitle
FNDA:0,getErrorMessage
DA:6,0
DA:7,0
DA:16,0
DA:17,0
DA:36,0
DA:46,0
DA:48,0
DA:49,0
DA:54,0
DA:56,0
DA:57,0
DA:59,0
DA:60,0
DA:61,0
DA:63,0
DA:65,0
DA:70,0
DA:71,0
DA:73,0
DA:74,0
DA:83,0
DA:84,0
DA:94,0
DA:115,0
DA:120,0
DA:121,0
DA:135,0
DA:144,0
DA:162,0
DA:167,0
DA:168,0
DA:182,0
DA:187,0
DA:196,0
DA:214,0
DA:219,0
DA:220,0
DA:222,0
DA:223,0
DA:225,0
DA:226,0
DA:227,0
DA:229,0
DA:233,0
DA:247,0
DA:252,0
DA:261,0
DA:279,0
DA:286,0
DA:287,0
DA:289,0
DA:290,0
DA:292,0
DA:293,0
DA:294,0
DA:296,0
DA:300,0
DA:319,0
DA:328,0
DA:346,0
DA:351,0
DA:352,0
DA:354,0
DA:355,0
DA:357,0
DA:358,0
DA:359,0
DA:360,0
DA:362,0
DA:364,0
DA:368,0
DA:369,0
DA:371,0
DA:442,0
DA:444,0
DA:451,0
DA:458,0
DA:465,0
DA:472,0
DA:486,0
DA:488,0
DA:489,0
DA:497,0
DA:498,0
DA:505,0
DA:509,0
DA:511,0
DA:513,0
DA:516,0
DA:518,0
DA:523,0
DA:525,0
DA:527,0
DA:529,0
DA:531,0
DA:536,0
DA:543,0
DA:549,0
DA:551,0
DA:553,0
DA:555,0
DA:557,0
DA:559,0
DA:564,0
DA:566,0
DA:568,0
DA:570,0
DA:572,0
DA:574,0
DA:579,0
DA:580,0
DA:581,0
DA:585,0
DA:586,0
DA:587,0
DA:588,0
DA:589,0
DA:593,0
DA:594,0
DA:596,0
DA:597,0
DA:599,0
DA:600,0
DA:602,0
DA:603,0
DA:605,0
DA:609,0
DA:610,0
DA:614,0
DA:616,0
DA:618,0
DA:620,0
DA:622,0
DA:624,0
DA:626,0
DA:631,0
DA:633,0
DA:635,0
DA:637,0
DA:639,0
DA:641,0
DA:646,0
DA:648,0
DA:650,0
DA:652,0
DA:654,0
DA:656,0
DA:661,0
DA:663,0
DA:665,0
DA:667,0
DA:669,0
DA:671,0
DA:676,0
DA:680,0
DA:681,0
DA:682,0
DA:705,0
LF:158
LH:0
BRDA:41,0,0,0
BRDA:42,1,0,0
BRDA:48,2,0,0
BRDA:48,2,1,0
BRDA:57,3,0,0
BRDA:57,3,1,0
BRDA:73,4,0,0
BRDA:73,4,1,0
BRDA:77,5,0,0
BRDA:77,5,1,0
BRDA:83,6,0,0
BRDA:83,6,1,0
BRDA:87,7,0,0
BRDA:87,7,1,0
BRDA:103,8,0,0
BRDA:103,8,1,0
BRDA:122,9,0,0
BRDA:122,9,1,0
BRDA:128,10,0,0
BRDA:128,10,1,0
BRDA:169,11,0,0
BRDA:169,11,1,0
BRDA:175,12,0,0
BRDA:175,12,1,0
BRDA:223,13,0,0
BRDA:223,13,1,0
BRDA:234,14,0,0
BRDA:234,14,1,0
BRDA:235,15,0,0
BRDA:235,15,1,0
BRDA:240,16,0,0
BRDA:240,16,1,0
BRDA:290,17,0,0
BRDA:290,17,1,0
BRDA:301,18,0,0
BRDA:301,18,1,0
BRDA:301,19,0,0
BRDA:301,19,1,0
BRDA:302,20,0,0
BRDA:302,20,1,0
BRDA:307,21,0,0
BRDA:307,21,1,0
BRDA:312,22,0,0
BRDA:312,22,1,0
BRDA:351,23,0,0
BRDA:355,24,0,0
BRDA:355,24,1,0
BRDA:387,25,0,0
BRDA:387,25,1,0
BRDA:402,26,0,0
BRDA:402,26,1,0
BRDA:413,27,0,0
BRDA:413,27,1,0
BRDA:414,28,0,0
BRDA:414,28,1,0
BRDA:417,29,0,0
BRDA:417,29,1,0
BRDA:442,30,0,0
BRDA:442,30,1,0
BRDA:442,30,2,0
BRDA:442,30,3,0
BRDA:442,30,4,0
BRDA:488,31,0,0
BRDA:488,31,1,0
BRDA:488,32,0,0
BRDA:488,32,1,0
BRDA:490,33,0,0
BRDA:490,33,1,0
BRDA:497,34,0,0
BRDA:497,34,1,0
BRDA:509,35,0,0
BRDA:509,35,1,0
BRDA:509,35,2,0
BRDA:509,35,3,0
BRDA:509,35,4,0
BRDA:523,36,0,0
BRDA:523,36,1,0
BRDA:523,36,2,0
BRDA:523,36,3,0
BRDA:543,37,0,0
BRDA:543,37,1,0
BRDA:549,38,0,0
BRDA:549,38,1,0
BRDA:549,38,2,0
BRDA:549,38,3,0
BRDA:549,38,4,0
BRDA:564,39,0,0
BRDA:564,39,1,0
BRDA:564,39,2,0
BRDA:564,39,3,0
BRDA:564,39,4,0
BRDA:566,40,0,0
BRDA:566,40,1,0
BRDA:579,41,0,0
BRDA:579,41,1,0
BRDA:580,42,0,0
BRDA:580,42,1,0
BRDA:585,43,0,0
BRDA:585,43,1,0
BRDA:586,44,0,0
BRDA:586,44,1,0
BRDA:587,45,0,0
BRDA:587,45,1,0
BRDA:587,46,0,0
BRDA:587,46,1,0
BRDA:588,47,0,0
BRDA:588,47,1,0
BRDA:593,48,0,0
BRDA:593,48,1,0
BRDA:596,49,0,0
BRDA:596,49,1,0
BRDA:599,50,0,0
BRDA:599,50,1,0
BRDA:599,51,0,0
BRDA:599,51,1,0
BRDA:602,52,0,0
BRDA:602,52,1,0
BRDA:609,53,0,0
BRDA:609,53,1,0
BRDA:609,54,0,0
BRDA:609,54,1,0
BRDA:614,55,0,0
BRDA:614,55,1,0
BRDA:616,56,0,0
BRDA:616,56,1,0
BRDA:616,56,2,0
BRDA:616,56,3,0
BRDA:616,56,4,0
BRDA:631,57,0,0
BRDA:631,57,1,0
BRDA:631,57,2,0
BRDA:631,57,3,0
BRDA:631,57,4,0
BRDA:646,58,0,0
BRDA:646,58,1,0
BRDA:646,58,2,0
BRDA:646,58,3,0
BRDA:646,58,4,0
BRDA:661,59,0,0
BRDA:661,59,1,0
BRDA:661,59,2,0
BRDA:661,59,3,0
BRDA:661,59,4,0
BRDA:680,60,0,0
BRDA:680,60,1,0
BRF:145
BRH:0
end_of_record
TN:
SF:src/components/ErrorDisplay.tsx
FN:33,(anonymous_1)
FN:70,(anonymous_2)
FN:75,(anonymous_3)
FN:219,(anonymous_4)
FN:234,(anonymous_5)
FN:239,(anonymous_6)
FN:292,(anonymous_7)
FN:367,(anonymous_8)
FN:368,(anonymous_9)
FN:370,(anonymous_10)
FN:424,(anonymous_11)
FN:449,(anonymous_12)
FN:474,(anonymous_13)
FN:492,(anonymous_14)
FNF:14
FNH:10
FNDA:91,(anonymous_1)
FNDA:0,(anonymous_2)
FNDA:0,(anonymous_3)
FNDA:258,(anonymous_4)
FNDA:0,(anonymous_5)
FNDA:0,(anonymous_6)
FNDA:4,(anonymous_7)
FNDA:5,(anonymous_8)
FNDA:5,(anonymous_9)
FNDA:5,(anonymous_10)
FNDA:99,(anonymous_11)
FNDA:30,(anonymous_12)
FNDA:100,(anonymous_13)
FNDA:258,(anonymous_14)
DA:5,2
DA:7,2
DA:15,2
DA:33,2
DA:51,91
DA:53,91
DA:54,91
DA:55,91
DA:56,91
DA:59,91
DA:70,0
DA:75,0
DA:80,91
DA:220,258
DA:235,0
DA:236,0
DA:237,0
DA:240,0
DA:241,0
DA:242,0
DA:287,2
DA:292,2
DA:293,4
DA:294,4
DA:296,4
DA:363,2
DA:367,2
DA:368,5
DA:369,5
DA:370,5
DA:373,5
DA:375,5
DA:424,2
DA:425,99
DA:427,3
DA:429,3
DA:431,9
DA:433,2
DA:435,3
DA:437,4
DA:439,72
DA:442,3
DA:449,2
DA:450,30
DA:452,3
DA:454,3
DA:456,9
DA:458,2
DA:460,3
DA:462,4
DA:464,3
DA:467,3
DA:474,2
DA:475,100
DA:477,3
DA:479,15
DA:481,81
DA:483,1
DA:485,0
DA:492,2
DA:496,258
DA:500,258
DA:501,76
DA:508,182
DA:509,0
DA:517,182
DA:525,2
DA:526,2
DA:527,2
DA:539,2
LF:70
LH:60
BRDA:37,0,0,21
BRDA:38,1,0,19
BRDA:39,2,0,90
BRDA:40,3,0,21
BRDA:43,4,0,20
BRDA:44,5,0,22
BRDA:45,6,0,22
BRDA:46,7,0,22
BRDA:47,8,0,91
BRDA:53,9,0,91
BRDA:53,9,1,90
BRDA:54,10,0,91
BRDA:54,10,1,21
BRDA:55,11,0,91
BRDA:55,11,1,21
BRDA:62,12,0,7
BRDA:62,12,1,84
BRDA:62,13,0,91
BRDA:62,13,1,28
BRDA:68,14,0,22
BRDA:68,14,1,69
BRDA:73,15,0,22
BRDA:73,15,1,69
BRDA:131,16,0,91
BRDA:131,16,1,6
BRDA:167,17,0,6
BRDA:167,17,1,1
BRDA:174,18,0,6
BRDA:174,18,1,4
BRDA:182,19,0,6
BRDA:182,19,1,1
BRDA:211,20,0,91
BRDA:211,20,1,91
BRDA:217,21,0,4
BRDA:217,21,1,87
BRDA:217,22,0,91
BRDA:217,22,1,5
BRDA:232,23,0,258
BRDA:232,23,1,0
BRDA:252,24,0,91
BRDA:252,24,1,5
BRDA:252,24,2,4
BRDA:252,24,3,4
BRDA:292,25,0,3
BRDA:323,26,0,4
BRDA:323,26,1,1
BRDA:340,27,0,4
BRDA:340,27,1,1
BRDA:367,28,0,4
BRDA:425,29,0,3
BRDA:425,29,1,3
BRDA:425,29,2,9
BRDA:425,29,3,2
BRDA:425,29,4,3
BRDA:425,29,5,4
BRDA:425,29,6,72
BRDA:425,29,7,3
BRDA:425,29,8,3
BRDA:450,30,0,3
BRDA:450,30,1,3
BRDA:450,30,2,9
BRDA:450,30,3,2
BRDA:450,30,4,3
BRDA:450,30,5,4
BRDA:450,30,6,3
BRDA:450,30,7,3
BRDA:450,30,8,3
BRDA:475,31,0,3
BRDA:475,31,1,15
BRDA:475,31,2,81
BRDA:475,31,3,1
BRDA:475,31,4,0
BRDA:500,32,0,76
BRDA:500,32,1,182
BRDA:500,33,0,258
BRDA:500,33,1,183
BRDA:508,34,0,0
BRDA:508,34,1,182
BRDA:525,35,0,2
BRDA:525,35,1,0
BRF:80
BRH:76
end_of_record
TN:
SF:src/components/GlobalErrorBoundary.tsx
FN:31,(anonymous_9)
FN:47,(anonymous_10)
FN:70,(anonymous_11)
FN:115,(anonymous_12)
FN:127,(anonymous_13)
FN:140,(anonymous_14)
FN:149,(anonymous_15)
FN:160,(anonymous_16)
FN:177,(anonymous_17)
FN:198,(anonymous_18)
FN:205,(anonymous_19)
FN:213,(anonymous_20)
FN:230,(anonymous_21)
FN:237,(anonymous_22)
FN:247,(anonymous_23)
FN:270,(anonymous_24)
FN:321,(anonymous_25)
FN:324,(anonymous_26)
FN:325,(anonymous_27)
FN:342,(anonymous_28)
FN:346,(anonymous_29)
FN:363,(anonymous_30)
FN:387,(anonymous_31)
FN:390,(anonymous_32)
FNF:24
FNH:21
FNDA:48,(anonymous_9)
FNDA:44,(anonymous_10)
FNDA:22,(anonymous_11)
FNDA:32,(anonymous_12)
FNDA:4,(anonymous_13)
FNDA:26,(anonymous_14)
FNDA:22,(anonymous_15)
FNDA:3,(anonymous_16)
FNDA:4,(anonymous_17)
FNDA:4,(anonymous_18)
FNDA:1,(anonymous_19)
FNDA:72,(anonymous_20)
FNDA:0,(anonymous_21)
FNDA:0,(anonymous_22)
FNDA:0,(anonymous_23)
FNDA:122,(anonymous_24)
FNDA:4,(anonymous_25)
FNDA:1,(anonymous_26)
FNDA:3,(anonymous_27)
FNDA:3,(anonymous_28)
FNDA:5,(anonymous_29)
FNDA:4,(anonymous_30)
FNDA:4,(anonymous_31)
FNDA:2,(anonymous_32)
DA:5,1
DA:6,1
DA:15,1
DA:20,1
DA:21,1
DA:27,1
DA:28,47
DA:32,48
DA:34,47
DA:36,47
DA:49,44
DA:54,44
DA:60,44
DA:72,22
DA:78,22
DA:84,22
DA:90,22
DA:93,22
DA:94,5
DA:95,5
DA:97,1
DA:102,22
DA:103,1
DA:104,1
DA:105,1
DA:106,1
DA:107,1
DA:108,1
DA:116,32
DA:117,32
DA:120,32
DA:121,1
DA:122,1
DA:126,31
DA:127,2
DA:128,4
DA:131,2
DA:132,1
DA:141,26
DA:142,2
DA:150,22
DA:151,22
DA:153,0
DA:160,47
DA:161,3
DA:162,1
DA:163,1
DA:166,3
DA:177,47
DA:178,4
DA:180,4
DA:181,0
DA:182,0
DA:186,4
DA:187,0
DA:188,0
DA:192,4
DA:193,0
DA:194,0
DA:198,4
DA:203,4
DA:205,4
DA:206,1
DA:214,72
DA:215,72
DA:218,72
DA:219,71
DA:228,72
DA:230,0
DA:235,72
DA:238,0
DA:244,72
DA:245,0
DA:249,0
DA:250,0
DA:258,0
DA:264,72
DA:271,122
DA:272,122
DA:275,122
DA:276,50
DA:280,72
DA:281,3
DA:292,69
DA:321,1
DA:322,4
DA:324,2
DA:325,1
DA:326,3
DA:327,3
DA:330,0
DA:331,0
DA:332,0
DA:333,0
DA:342,1
DA:346,3
DA:347,5
DA:352,3
DA:354,3
DA:360,1
DA:363,1
DA:364,4
DA:383,1
DA:387,1
DA:388,4
DA:392,2
DA:397,2
DA:398,1
LF:108
LH:91
BRDA:34,0,0,47
BRDA:34,0,1,36
BRDA:93,1,0,5
BRDA:93,1,1,17
BRDA:102,2,0,1
BRDA:102,2,1,21
BRDA:120,3,0,1
BRDA:120,3,1,31
BRDA:120,4,0,32
BRDA:120,4,1,29
BRDA:120,4,2,4
BRDA:126,5,0,2
BRDA:126,5,1,29
BRDA:126,6,0,31
BRDA:126,6,1,28
BRDA:126,6,2,2
BRDA:131,7,0,1
BRDA:131,7,1,1
BRDA:141,8,0,2
BRDA:141,8,1,24
BRDA:161,9,0,1
BRDA:161,9,1,2
BRDA:180,10,0,0
BRDA:180,10,1,4
BRDA:186,11,0,0
BRDA:186,11,1,4
BRDA:192,12,0,0
BRDA:192,12,1,4
BRDA:218,13,0,71
BRDA:218,13,1,1
BRDA:218,14,0,72
BRDA:218,14,1,72
BRDA:218,14,2,72
BRDA:220,15,0,3
BRDA:220,15,1,68
BRDA:244,16,0,0
BRDA:244,16,1,72
BRDA:244,17,0,72
BRDA:244,17,1,72
BRDA:275,18,0,50
BRDA:275,18,1,72
BRDA:275,19,0,122
BRDA:275,19,1,72
BRDA:275,19,2,72
BRDA:280,20,0,3
BRDA:280,20,1,69
BRDA:296,21,0,68
BRDA:296,21,1,1
BRDA:296,22,0,69
BRDA:296,22,1,69
BRDA:326,23,0,3
BRDA:326,23,1,0
BRDA:352,24,0,3
BRDA:352,24,1,3
BRDA:394,25,0,2
BRDA:394,25,1,0
BRDA:397,26,0,1
BRDA:397,26,1,1
BRF:58
BRH:52
end_of_record
TN:
SF:src/components/Layout.tsx
FN:23,(anonymous_9)
FN:59,(anonymous_10)
FN:60,(anonymous_11)
FN:66,(anonymous_12)
FN:90,(anonymous_13)
FN:138,(anonymous_14)
FN:214,(anonymous_15)
FN:221,(anonymous_16)
FN:234,(anonymous_17)
FNF:9
FNH:8
FNDA:59,(anonymous_9)
FNDA:40,(anonymous_10)
FNDA:40,(anonymous_11)
FNDA:40,(anonymous_12)
FNDA:0,(anonymous_13)
FNDA:37,(anonymous_14)
FNDA:8,(anonymous_15)
FNDA:3,(anonymous_16)
FNDA:3,(anonymous_17)
DA:1,2
DA:2,2
DA:3,2
DA:4,2
DA:23,2
DA:33,59
DA:34,59
DA:36,59
DA:43,59
DA:50,59
DA:57,59
DA:59,59
DA:60,40
DA:61,40
DA:64,40
DA:65,40
DA:66,40
DA:69,59
DA:90,0
DA:138,2
DA:139,37
DA:141,37
DA:142,11
DA:176,26
DA:177,12
DA:208,14
DA:214,2
DA:215,8
DA:221,2
DA:222,3
DA:234,2
DA:235,3
DA:246,2
LF:33
LH:32
BRDA:27,0,0,26
BRDA:28,1,0,52
BRDA:45,2,0,7
BRDA:45,2,1,52
BRDA:52,3,0,7
BRDA:52,3,1,52
BRDA:71,4,0,59
BRDA:71,4,1,53
BRDA:74,5,0,59
BRDA:74,5,1,27
BRDA:74,5,2,27
BRDA:76,6,0,7
BRDA:76,6,1,20
BRDA:104,7,0,59
BRDA:104,7,1,37
BRDA:118,8,0,59
BRDA:118,8,1,3
BRDA:118,8,2,3
BRDA:125,9,0,59
BRDA:125,9,1,53
BRDA:141,10,0,11
BRDA:141,10,1,26
BRDA:176,11,0,12
BRDA:176,11,1,14
BRDA:226,12,0,3
BRDA:226,12,1,3
BRF:26
BRH:26
end_of_record
TN:
SF:src/components/Navigation.tsx
FN:33,(anonymous_0)
FN:71,(anonymous_1)
FN:84,(anonymous_2)
FN:94,(anonymous_3)
FN:163,(anonymous_4)
FN:168,(anonymous_5)
FN:173,(anonymous_6)
FN:208,(anonymous_7)
FN:218,(anonymous_8)
FN:221,(anonymous_9)
FN:248,(anonymous_10)
FN:274,(anonymous_11)
FN:286,(anonymous_12)
FN:289,(anonymous_13)
FN:316,(anonymous_14)
FNF:15
FNH:8
FNDA:27,(anonymous_0)
FNDA:81,(anonymous_1)
FNDA:0,(anonymous_2)
FNDA:77,(anonymous_3)
FNDA:77,(anonymous_4)
FNDA:0,(anonymous_5)
FNDA:0,(anonymous_6)
FNDA:1,(anonymous_7)
FNDA:0,(anonymous_8)
FNDA:0,(anonymous_9)
FNDA:7,(anonymous_10)
FNDA:13,(anonymous_11)
FNDA:0,(anonymous_12)
FNDA:0,(anonymous_13)
FNDA:12,(anonymous_14)
DA:2,3
DA:3,3
DA:4,3
DA:33,3
DA:39,27
DA:40,27
DA:43,27
DA:44,27
DA:45,27
DA:48,27
DA:71,27
DA:72,81
DA:73,54
DA:76,27
DA:77,27
DA:78,27
DA:79,0
DA:80,0
DA:83,0
DA:84,0
DA:87,0
DA:90,27
DA:91,1
DA:94,26
DA:95,77
DA:96,26
DA:98,51
DA:101,26
DA:106,26
DA:116,26
DA:127,26
DA:129,26
DA:140,26
DA:146,26
DA:155,26
DA:164,77
DA:169,0
DA:170,0
DA:174,0
DA:175,0
DA:208,1
DA:219,0
DA:222,0
DA:248,3
DA:254,7
DA:264,7
DA:275,13
DA:287,0
DA:290,0
DA:316,3
DA:321,12
DA:381,3
LF:52
LH:39
BRDA:34,0,0,6
BRDA:35,1,0,26
BRDA:72,2,0,54
BRDA:72,2,1,27
BRDA:72,3,0,81
BRDA:72,3,1,54
BRDA:76,4,0,27
BRDA:76,4,1,0
BRDA:78,5,0,27
BRDA:78,5,1,0
BRDA:78,6,0,27
BRDA:78,6,1,27
BRDA:79,7,0,0
BRDA:79,7,1,0
BRDA:79,8,0,0
BRDA:79,8,1,0
BRDA:80,9,0,0
BRDA:80,9,1,0
BRDA:80,10,0,0
BRDA:80,10,1,0
BRDA:83,11,0,0
BRDA:83,11,1,0
BRDA:83,12,0,0
BRDA:83,12,1,0
BRDA:90,13,0,1
BRDA:90,13,1,26
BRDA:95,14,0,26
BRDA:95,14,1,51
BRDA:127,15,0,22
BRDA:127,15,1,4
BRDA:148,16,0,22
BRDA:148,16,1,4
BRDA:149,17,0,22
BRDA:149,17,1,4
BRDA:167,18,0,20
BRDA:167,18,1,57
BRDA:169,19,0,0
BRDA:169,19,1,0
BRDA:174,20,0,0
BRDA:174,20,1,0
BRDA:179,21,0,77
BRDA:179,21,1,77
BRDA:187,22,0,26
BRDA:187,22,1,25
BRDA:187,22,2,25
BRDA:192,23,0,4
BRDA:192,23,1,21
BRDA:195,24,0,4
BRDA:195,24,1,21
BRDA:200,25,0,25
BRDA:200,25,1,25
BRDA:250,26,0,6
BRDA:276,27,0,13
BRDA:276,27,1,7
BRDA:279,28,0,7
BRDA:279,28,1,6
BRDA:296,29,0,6
BRDA:296,29,1,0
BRDA:337,30,0,2
BRDA:337,30,1,10
BRDA:340,31,0,12
BRDA:340,31,1,2
BRF:62
BRH:43
end_of_record
TN:
SF:src/components/ProtectedRoute.tsx
FN:7,(anonymous_0)
FN:45,(anonymous_1)
FN:75,(anonymous_2)
FN:116,(anonymous_3)
FN:149,(anonymous_4)
FNF:5
FNH:5
FNDA:1,(anonymous_0)
FNDA:6,(anonymous_1)
FNDA:9,(anonymous_2)
FNDA:5,(anonymous_3)
FNDA:9,(anonymous_4)
DA:2,3
DA:7,3
DA:8,1
DA:45,3
DA:49,6
DA:51,6
DA:52,2
DA:55,4
DA:56,1
DA:59,3
DA:75,3
DA:83,9
DA:90,9
DA:91,0
DA:94,9
DA:95,3
DA:98,6
DA:116,3
DA:122,5
DA:127,5
DA:128,0
DA:131,5
DA:132,2
DA:135,3
DA:149,3
DA:155,9
DA:157,9
DA:158,0
DA:161,9
DA:162,4
DA:165,5
LF:31
LH:28
BRDA:47,0,0,5
BRDA:51,1,0,2
BRDA:51,1,1,4
BRDA:55,2,0,1
BRDA:55,2,1,3
BRDA:81,3,0,9
BRDA:90,4,0,0
BRDA:90,4,1,9
BRDA:94,5,0,3
BRDA:94,5,1,6
BRDA:94,6,0,9
BRDA:94,6,1,9
BRDA:120,7,0,5
BRDA:127,8,0,0
BRDA:127,8,1,5
BRDA:131,9,0,2
BRDA:131,9,1,3
BRDA:131,10,0,5
BRDA:131,10,1,5
BRDA:153,11,0,9
BRDA:157,12,0,0
BRDA:157,12,1,9
BRDA:161,13,0,4
BRDA:161,13,1,5
BRDA:161,14,0,9
BRDA:161,14,1,9
BRF:26
BRH:23
end_of_record
TN:
SF:src/components/RouteErrorBoundary.tsx
FN:37,(anonymous_9)
FN:112,(anonymous_10)
FN:161,(anonymous_11)
FN:170,(anonymous_12)
FN:184,(anonymous_13)
FN:209,(anonymous_14)
FN:224,(anonymous_15)
FN:232,(anonymous_16)
FN:251,(anonymous_17)
FN:256,(anonymous_18)
FN:274,(anonymous_19)
FN:277,(anonymous_20)
FN:278,(anonymous_21)
FNF:13
FNH:12
FNDA:30,(anonymous_9)
FNDA:0,(anonymous_10)
FNDA:108,(anonymous_11)
FNDA:24,(anonymous_12)
FNDA:12,(anonymous_13)
FNDA:12,(anonymous_14)
FNDA:2,(anonymous_15)
FNDA:184,(anonymous_16)
FNDA:5,(anonymous_17)
FNDA:7,(anonymous_18)
FNDA:4,(anonymous_19)
FNDA:1,(anonymous_20)
FNDA:3,(anonymous_21)
DA:1,4
DA:2,4
DA:37,4
DA:38,30
DA:112,0
DA:160,4
DA:162,108
DA:163,106
DA:172,24
DA:174,24
DA:186,12
DA:195,12
DA:196,2
DA:200,12
DA:201,1
DA:202,1
DA:203,1
DA:204,1
DA:205,1
DA:209,12
DA:215,12
DA:224,106
DA:225,2
DA:233,184
DA:234,36
DA:236,36
DA:244,148
DA:251,4
DA:256,5
DA:257,7
DA:265,5
DA:267,5
DA:274,4
DA:275,4
DA:277,1
DA:278,1
DA:279,3
LF:37
LH:36
BRDA:127,0,0,30
BRDA:127,0,1,3
BRDA:127,0,2,3
BRDA:190,1,0,12
BRDA:190,1,1,7
BRDA:195,2,0,2
BRDA:195,2,1,10
BRDA:200,3,0,1
BRDA:200,3,1,11
BRDA:204,4,0,1
BRDA:204,4,1,1
BRDA:215,5,0,1
BRDA:215,5,1,11
BRDA:233,6,0,36
BRDA:233,6,1,148
BRDA:233,7,0,184
BRDA:233,7,1,36
BRDA:234,8,0,36
BRDA:234,8,1,30
BRDA:265,9,0,5
BRDA:265,9,1,4
BRF:21
BRH:21
end_of_record
TN:
SF:src/components/WorkflowDashboard.tsx
FN:24,(anonymous_0)
FN:36,(anonymous_1)
FN:37,(anonymous_2)
FN:38,(anonymous_3)
FN:42,(anonymous_4)
FN:52,(anonymous_5)
FN:56,(anonymous_6)
FN:65,(anonymous_7)
FN:66,(anonymous_8)
FN:72,(anonymous_9)
FN:73,(anonymous_10)
FN:241,(anonymous_11)
FN:242,(anonymous_12)
FN:279,(anonymous_13)
FN:329,(anonymous_14)
FNF:15
FNH:15
FNDA:17,(anonymous_0)
FNDA:17,(anonymous_1)
FNDA:56,(anonymous_2)
FNDA:56,(anonymous_3)
FNDA:52,(anonymous_4)
FNDA:52,(anonymous_5)
FNDA:50,(anonymous_6)
FNDA:52,(anonymous_7)
FNDA:156,(anonymous_8)
FNDA:118,(anonymous_9)
FNDA:236,(anonymous_10)
FNDA:20,(anonymous_11)
FNDA:33,(anonymous_12)
FNDA:39,(anonymous_13)
FNDA:113,(anonymous_14)
DA:1,1
DA:2,1
DA:4,1
DA:5,1
DA:24,1
DA:31,17
DA:32,17
DA:33,17
DA:36,17
DA:37,56
DA:38,56
DA:41,17
DA:42,17
DA:43,52
DA:44,52
DA:48,17
DA:49,17
DA:51,17
DA:53,52
DA:54,52
DA:57,50
DA:58,50
DA:59,50
DA:64,17
DA:65,17
DA:66,52
DA:67,156
DA:71,17
DA:72,118
DA:73,236
DA:76,17
DA:86,17
DA:87,1
DA:115,16
DA:116,1
DA:147,15
DA:241,20
DA:243,33
DA:280,39
DA:330,113
DA:448,1
LF:41
LH:41
BRDA:26,0,0,16
BRDA:27,1,0,16
BRDA:29,2,0,17
BRDA:43,3,0,52
BRDA:43,3,1,4
BRDA:44,4,0,52
BRDA:44,4,1,33
BRDA:53,5,0,52
BRDA:53,5,1,0
BRDA:53,5,2,0
BRDA:57,6,0,50
BRDA:57,6,1,0
BRDA:57,6,2,0
BRDA:58,7,0,50
BRDA:58,7,1,0
BRDA:58,7,2,0
BRDA:66,8,0,52
BRDA:66,8,1,4
BRDA:67,9,0,156
BRDA:67,9,1,118
BRDA:86,10,0,1
BRDA:86,10,1,16
BRDA:115,11,0,1
BRDA:115,11,1,15
BRDA:127,12,0,1
BRDA:127,12,1,1
BRDA:238,13,0,13
BRDA:238,13,1,2
BRDA:277,14,0,13
BRDA:277,14,1,2
BRDA:300,15,0,39
BRDA:300,15,1,36
BRDA:304,16,0,39
BRDA:304,16,1,0
BRDA:304,16,2,0
BRDA:319,17,0,15
BRDA:319,17,1,12
BRDA:385,18,0,15
BRDA:385,18,1,12
BRDA:404,19,0,15
BRDA:404,19,1,1
BRDA:427,20,0,15
BRDA:427,20,1,2
BRDA:427,20,2,1
BRF:44
BRH:36
end_of_record
TN:
SF:src/components/WorkflowExecutionResults.tsx
FN:20,(anonymous_0)
FN:37,(anonymous_1)
FN:47,(anonymous_2)
FN:56,(anonymous_3)
FN:61,(anonymous_4)
FN:72,(anonymous_5)
FN:83,(anonymous_6)
FN:109,(anonymous_7)
FN:123,(anonymous_8)
FN:143,(anonymous_9)
FN:157,(anonymous_10)
FN:172,(anonymous_11)
FN:197,(anonymous_12)
FN:208,(anonymous_13)
FN:213,(anonymous_14)
FN:226,(anonymous_15)
FN:228,(anonymous_16)
FN:255,(anonymous_17)
FN:449,(anonymous_18)
FN:449,(anonymous_19)
FN:469,(anonymous_20)
FN:469,(anonymous_21)
FN:482,(anonymous_22)
FN:482,(anonymous_23)
FNF:24
FNH:22
FNDA:28,(anonymous_0)
FNDA:1,(anonymous_1)
FNDA:24,(anonymous_2)
FNDA:41,(anonymous_3)
FNDA:24,(anonymous_4)
FNDA:25,(anonymous_5)
FNDA:29,(anonymous_6)
FNDA:0,(anonymous_7)
FNDA:2,(anonymous_8)
FNDA:1,(anonymous_9)
FNDA:10,(anonymous_10)
FNDA:3,(anonymous_11)
FNDA:3,(anonymous_12)
FNDA:6,(anonymous_13)
FNDA:6,(anonymous_14)
FNDA:6,(anonymous_15)
FNDA:18,(anonymous_16)
FNDA:0,(anonymous_17)
FNDA:3,(anonymous_18)
FNDA:3,(anonymous_19)
FNDA:1,(anonymous_20)
FNDA:1,(anonymous_21)
FNDA:1,(anonymous_22)
FNDA:1,(anonymous_23)
DA:1,1
DA:20,1
DA:29,28
DA:35,28
DA:37,28
DA:38,1
DA:39,1
DA:40,0
DA:42,1
DA:44,1
DA:47,28
DA:48,24
DA:49,17
DA:50,16
DA:51,1
DA:52,1
DA:53,1
DA:56,28
DA:57,41
DA:58,36
DA:61,28
DA:62,24
DA:63,20
DA:64,2
DA:65,0
DA:66,2
DA:67,0
DA:68,0
DA:72,28
DA:73,25
DA:74,21
DA:75,2
DA:76,0
DA:77,2
DA:78,0
DA:79,0
DA:83,28
DA:84,29
DA:86,29
DA:87,0
DA:90,29
DA:91,0
DA:94,29
DA:95,3
DA:98,26
DA:99,5
DA:102,21
DA:103,5
DA:104,5
DA:106,5
DA:109,0
DA:124,2
DA:135,16
DA:136,16
DA:137,16
DA:138,16
DA:140,16
DA:143,1
DA:158,10
DA:169,0
DA:172,28
DA:173,3
DA:174,0
DA:177,3
DA:178,3
DA:179,0
DA:182,3
DA:183,3
DA:184,1
DA:198,3
DA:208,6
DA:209,2
DA:214,6
DA:227,6
DA:229,18
DA:241,0
DA:242,0
DA:256,0
DA:270,28
DA:449,3
DA:469,1
DA:482,1
DA:567,1
LF:83
LH:67
BRDA:22,0,0,27
BRDA:23,1,0,27
BRDA:24,2,0,27
BRDA:27,3,0,28
BRDA:39,4,0,0
BRDA:39,4,1,1
BRDA:48,5,0,7
BRDA:48,5,1,17
BRDA:49,6,0,1
BRDA:49,6,1,16
BRDA:50,7,0,15
BRDA:50,7,1,1
BRDA:57,8,0,5
BRDA:57,8,1,36
BRDA:62,9,0,20
BRDA:62,9,1,2
BRDA:62,9,2,0
BRDA:62,9,3,2
BRDA:62,9,4,0
BRDA:62,9,5,0
BRDA:73,10,0,21
BRDA:73,10,1,2
BRDA:73,10,2,0
BRDA:73,10,3,2
BRDA:73,10,4,0
BRDA:73,10,5,0
BRDA:83,11,0,17
BRDA:86,12,0,0
BRDA:86,12,1,29
BRDA:90,13,0,0
BRDA:90,13,1,29
BRDA:94,14,0,3
BRDA:94,14,1,26
BRDA:98,15,0,5
BRDA:98,15,1,21
BRDA:102,16,0,5
BRDA:102,16,1,16
BRDA:104,17,0,5
BRDA:104,17,1,4
BRDA:119,18,0,1
BRDA:119,18,1,4
BRDA:121,19,0,5
BRDA:121,19,1,1
BRDA:135,20,0,16
BRDA:135,20,1,0
BRDA:137,21,0,16
BRDA:137,21,1,14
BRDA:153,22,0,3
BRDA:153,22,1,13
BRDA:155,23,0,16
BRDA:155,23,1,3
BRDA:173,24,0,0
BRDA:173,24,1,3
BRDA:173,25,0,3
BRDA:173,25,1,3
BRDA:177,26,0,3
BRDA:177,26,1,0
BRDA:178,27,0,0
BRDA:178,27,1,3
BRDA:183,28,0,1
BRDA:183,28,1,2
BRDA:230,29,0,18
BRDA:230,29,1,0
BRDA:261,30,0,0
BRDA:261,30,1,0
BRDA:273,31,0,28
BRDA:273,31,1,1
BRDA:317,32,0,28
BRDA:317,32,1,1
BRDA:331,33,0,1
BRDA:331,33,1,1
BRDA:350,34,0,28
BRDA:350,34,1,25
BRDA:370,35,0,25
BRDA:370,35,1,1
BRDA:391,36,0,25
BRDA:391,36,1,24
BRDA:428,37,0,24
BRDA:428,37,1,17
BRDA:438,38,0,25
BRDA:438,38,1,20
BRDA:477,39,0,20
BRDA:477,39,1,17
BRDA:496,40,0,20
BRDA:496,40,1,5
BRDA:498,41,0,20
BRDA:498,41,1,17
BRDA:508,42,0,20
BRDA:508,42,1,3
BRDA:514,43,0,20
BRDA:514,43,1,0
BRDA:543,44,0,28
BRDA:543,44,1,27
BRDA:543,44,2,26
BRDA:543,44,3,1
BRF:95
BRH:78
end_of_record
TN:
SF:src/components/WorkflowList.tsx
FN:23,(anonymous_0)
FN:46,(anonymous_1)
FN:47,(anonymous_2)
FN:48,(anonymous_3)
FN:49,(anonymous_4)
FN:55,(anonymous_5)
FN:61,(anonymous_6)
FN:64,(anonymous_7)
FN:70,(anonymous_8)
FN:75,(anonymous_9)
FN:76,(anonymous_10)
FN:83,(anonymous_11)
FN:90,(anonymous_12)
FN:91,(anonymous_13)
FN:98,(anonymous_14)
FN:132,(anonymous_15)
FN:133,(anonymous_16)
FN:136,(anonymous_17)
FN:141,(anonymous_18)
FN:142,(anonymous_19)
FN:145,(anonymous_20)
FN:150,(anonymous_21)
FN:247,(anonymous_22)
FN:276,(anonymous_23)
FN:276,(anonymous_24)
FN:285,(anonymous_25)
FN:298,(anonymous_26)
FN:298,(anonymous_27)
FN:323,(anonymous_28)
FN:338,(anonymous_29)
FN:359,(anonymous_30)
FN:362,(anonymous_31)
FN:387,(anonymous_32)
FN:390,(anonymous_33)
FN:456,(anonymous_34)
FN:471,(anonymous_35)
FN:477,(anonymous_36)
FN:549,(anonymous_37)
FN:594,(anonymous_38)
FN:597,(anonymous_39)
FNF:40
FNH:29
FNDA:30,(anonymous_0)
FNDA:19,(anonymous_1)
FNDA:46,(anonymous_2)
FNDA:46,(anonymous_3)
FNDA:46,(anonymous_4)
FNDA:30,(anonymous_5)
FNDA:15,(anonymous_6)
FNDA:33,(anonymous_7)
FNDA:4,(anonymous_8)
FNDA:3,(anonymous_9)
FNDA:3,(anonymous_10)
FNDA:3,(anonymous_11)
FNDA:0,(anonymous_12)
FNDA:0,(anonymous_13)
FNDA:39,(anonymous_14)
FNDA:1,(anonymous_15)
FNDA:1,(anonymous_16)
FNDA:0,(anonymous_17)
FNDA:0,(anonymous_18)
FNDA:0,(anonymous_19)
FNDA:0,(anonymous_20)
FNDA:1,(anonymous_21)
FNDA:4,(anonymous_22)
FNDA:2,(anonymous_23)
FNDA:2,(anonymous_24)
FNDA:79,(anonymous_25)
FNDA:1,(anonymous_26)
FNDA:1,(anonymous_27)
FNDA:1,(anonymous_28)
FNDA:1,(anonymous_29)
FNDA:237,(anonymous_30)
FNDA:1,(anonymous_31)
FNDA:53,(anonymous_32)
FNDA:0,(anonymous_33)
FNDA:62,(anonymous_34)
FNDA:0,(anonymous_35)
FNDA:0,(anonymous_36)
FNDA:186,(anonymous_37)
FNDA:0,(anonymous_38)
FNDA:0,(anonymous_39)
DA:1,1
DA:2,1
DA:4,1
DA:23,1
DA:32,30
DA:33,30
DA:39,30
DA:40,30
DA:43,30
DA:46,30
DA:47,46
DA:48,46
DA:49,46
DA:51,19
DA:55,30
DA:56,30
DA:59,30
DA:60,5
DA:61,5
DA:62,15
DA:64,33
DA:69,30
DA:70,4
DA:74,30
DA:75,1
DA:76,3
DA:81,30
DA:82,1
DA:83,1
DA:84,3
DA:89,30
DA:90,0
DA:91,0
DA:92,0
DA:98,30
DA:102,39
DA:104,33
DA:105,33
DA:106,33
DA:108,6
DA:109,6
DA:110,6
DA:112,0
DA:113,0
DA:114,0
DA:116,0
DA:117,0
DA:118,0
DA:120,0
DA:121,0
DA:124,39
DA:125,33
DA:126,0
DA:129,30
DA:132,30
DA:133,1
DA:136,0
DA:141,30
DA:142,0
DA:145,0
DA:150,30
DA:151,1
DA:152,1
DA:160,30
DA:166,30
DA:167,1
DA:195,29
DA:196,1
DA:227,28
DA:247,4
DA:276,2
DA:286,79
DA:298,1
DA:323,1
DA:338,1
DA:360,237
DA:362,1
DA:388,53
DA:390,0
DA:457,62
DA:459,62
DA:472,0
DA:473,0
DA:474,0
DA:478,0
DA:479,0
DA:550,186
DA:595,0
DA:598,0
DA:656,1
LF:90
LH:67
BRDA:25,0,0,29
BRDA:26,1,0,29
BRDA:28,2,0,20
BRDA:29,3,0,17
BRDA:30,4,0,30
BRDA:48,5,0,46
BRDA:48,5,1,0
BRDA:59,6,0,5
BRDA:59,6,1,25
BRDA:62,7,0,15
BRDA:62,7,1,11
BRDA:62,7,2,11
BRDA:64,8,0,11
BRDA:64,8,1,0
BRDA:69,9,0,2
BRDA:69,9,1,28
BRDA:74,10,0,1
BRDA:74,10,1,29
BRDA:76,11,0,3
BRDA:76,11,1,0
BRDA:81,12,0,1
BRDA:81,12,1,29
BRDA:84,13,0,0
BRDA:84,13,1,3
BRDA:89,14,0,0
BRDA:89,14,1,30
BRDA:102,15,0,33
BRDA:102,15,1,6
BRDA:102,15,2,0
BRDA:102,15,3,0
BRDA:102,15,4,0
BRDA:108,16,0,6
BRDA:108,16,1,0
BRDA:109,17,0,6
BRDA:109,17,1,0
BRDA:112,18,0,0
BRDA:112,18,1,0
BRDA:112,18,2,0
BRDA:113,19,0,0
BRDA:113,19,1,0
BRDA:113,19,2,0
BRDA:116,20,0,0
BRDA:116,20,1,0
BRDA:117,21,0,0
BRDA:117,21,1,0
BRDA:124,22,0,6
BRDA:124,22,1,33
BRDA:124,23,0,6
BRDA:124,23,1,0
BRDA:125,24,0,33
BRDA:125,24,1,0
BRDA:125,25,0,31
BRDA:125,25,1,2
BRDA:135,26,0,0
BRDA:135,26,1,1
BRDA:144,27,0,0
BRDA:144,27,1,0
BRDA:160,28,0,30
BRDA:160,28,1,25
BRDA:160,28,2,24
BRDA:160,28,3,23
BRDA:160,28,4,22
BRDA:166,29,0,1
BRDA:166,29,1,29
BRDA:195,30,0,1
BRDA:195,30,1,28
BRDA:207,31,0,1
BRDA:207,31,1,1
BRDA:230,32,0,28
BRDA:230,32,1,0
BRDA:230,32,2,28
BRDA:239,33,0,28
BRDA:239,33,1,28
BRDA:240,34,0,28
BRDA:240,34,1,0
BRDA:261,35,0,28
BRDA:261,35,1,28
BRDA:353,36,0,28
BRDA:353,36,1,27
BRDA:365,37,0,1
BRDA:365,37,1,236
BRDA:367,38,0,1
BRDA:367,38,1,236
BRDA:368,39,0,1
BRDA:368,39,1,236
BRDA:381,40,0,28
BRDA:381,40,1,27
BRDA:393,41,0,0
BRDA:393,41,1,53
BRDA:395,42,0,0
BRDA:395,42,1,53
BRDA:396,43,0,0
BRDA:396,43,1,53
BRDA:409,44,0,28
BRDA:409,44,1,8
BRDA:442,45,0,28
BRDA:442,45,1,8
BRDA:450,46,0,26
BRDA:450,46,1,2
BRDA:466,47,0,59
BRDA:466,47,1,3
BRDA:467,48,0,59
BRDA:467,48,1,3
BRDA:472,49,0,0
BRDA:472,49,1,0
BRDA:486,50,0,62
BRDA:486,50,1,43
BRDA:500,51,0,62
BRDA:500,51,1,62
BRDA:511,52,0,62
BRDA:511,52,1,62
BRDA:514,53,0,43
BRDA:514,53,1,19
BRDA:515,54,0,43
BRDA:515,54,1,19
BRDA:519,55,0,43
BRDA:519,55,1,19
BRDA:539,56,0,62
BRDA:539,56,1,0
BRDA:546,57,0,62
BRDA:546,57,1,62
BRDA:546,57,2,62
BRDA:568,58,0,62
BRDA:568,58,1,0
BRDA:568,58,2,62
BRDA:570,59,0,62
BRDA:570,59,1,43
BRDA:573,60,0,62
BRDA:573,60,1,62
BRDA:581,61,0,59
BRDA:581,61,1,3
BRDA:629,62,0,1
BRDA:629,62,1,1
BRDA:634,63,0,2
BRDA:634,63,1,1
BRF:135
BRH:101
end_of_record
TN:
SF:src/components/index.ts
FN:3,(anonymous_0)
FN:4,(anonymous_1)
FN:5,(anonymous_2)
FN:6,(anonymous_3)
FN:11,(anonymous_4)
FN:12,(anonymous_5)
FN:13,(anonymous_6)
FN:18,(anonymous_7)
FN:19,(anonymous_8)
FN:20,(anonymous_9)
FN:21,(anonymous_10)
FN:22,(anonymous_11)
FN:27,(anonymous_12)
FN:28,(anonymous_13)
FN:29,(anonymous_14)
FN:34,(anonymous_15)
FN:35,(anonymous_16)
FN:36,(anonymous_17)
FN:37,(anonymous_18)
FN:38,(anonymous_19)
FN:39,(anonymous_20)
FN:44,(anonymous_21)
FN:45,(anonymous_22)
FN:46,(anonymous_23)
FN:51,(anonymous_24)
FN:52,(anonymous_25)
FN:53,(anonymous_26)
FN:54,(anonymous_27)
FN:55,(anonymous_28)
FN:59,(anonymous_29)
FN:60,(anonymous_30)
FN:61,(anonymous_31)
FN:64,(anonymous_32)
FN:65,(anonymous_33)
FNF:34
FNH:0
FNDA:0,(anonymous_0)
FNDA:0,(anonymous_1)
FNDA:0,(anonymous_2)
FNDA:0,(anonymous_3)
FNDA:0,(anonymous_4)
FNDA:0,(anonymous_5)
FNDA:0,(anonymous_6)
FNDA:0,(anonymous_7)
FNDA:0,(anonymous_8)
FNDA:0,(anonymous_9)
FNDA:0,(anonymous_10)
FNDA:0,(anonymous_11)
FNDA:0,(anonymous_12)
FNDA:0,(anonymous_13)
FNDA:0,(anonymous_14)
FNDA:0,(anonymous_15)
FNDA:0,(anonymous_16)
FNDA:0,(anonymous_17)
FNDA:0,(anonymous_18)
FNDA:0,(anonymous_19)
FNDA:0,(anonymous_20)
FNDA:0,(anonymous_21)
FNDA:0,(anonymous_22)
FNDA:0,(anonymous_23)
FNDA:0,(anonymous_24)
FNDA:0,(anonymous_25)
FNDA:0,(anonymous_26)
FNDA:0,(anonymous_27)
FNDA:0,(anonymous_28)
FNDA:0,(anonymous_29)
FNDA:0,(anonymous_30)
FNDA:0,(anonymous_31)
FNDA:0,(anonymous_32)
FNDA:0,(anonymous_33)
DA:2,0
DA:3,0
DA:4,0
DA:5,0
DA:6,0
DA:10,0
DA:11,0
DA:12,0
DA:13,0
DA:17,0
DA:18,0
DA:19,0
DA:20,0
DA:21,0
DA:22,0
DA:26,0
DA:27,0
DA:28,0
DA:29,0
DA:33,0
DA:34,0
DA:35,0
DA:36,0
DA:37,0
DA:38,0
DA:39,0
DA:43,0
DA:44,0
DA:45,0
DA:46,0
DA:50,0
DA:51,0
DA:52,0
DA:53,0
DA:54,0
DA:55,0
DA:59,0
DA:60,0
DA:61,0
DA:64,0
DA:65,0
LF:41
LH:0
BRF:0
BRH:0
end_of_record
TN:
SF:src/config/oauth-providers.ts
FN:80,getProviderConfig
FN:96,validateProviderRequirements
FN:118,extractUserAttributes
FN:134,extractAzureAttributes
FN:154,extractGitHubAttributes
FN:174,extractGoogleAttributes
FN:195,getProviderErrorHandler
FN:211,handleAzureErrors
FN:227,handleGitHubErrors
FN:241,handleGoogleErrors
FN:256,handleGenericErrors
FN:263,getProviderCapabilities
FNF:12
FNH:0
FNDA:0,getProviderConfig
FNDA:0,validateProviderRequirements
FNDA:0,extractUserAttributes
FNDA:0,extractAzureAttributes
FNDA:0,extractGitHubAttributes
FNDA:0,extractGoogleAttributes
FNDA:0,getProviderErrorHandler
FNDA:0,handleAzureErrors
FNDA:0,handleGitHubErrors
FNDA:0,handleGoogleErrors
FNDA:0,handleGenericErrors
FNDA:0,getProviderCapabilities
DA:10,0
DA:35,0
DA:57,0
DA:80,0
DA:81,0
DA:83,0
DA:85,0
DA:87,0
DA:89,0
DA:96,0
DA:100,0
DA:101,0
DA:103,0
DA:104,0
DA:105,0
DA:109,0
DA:118,0
DA:119,0
DA:121,0
DA:123,0
DA:125,0
DA:127,0
DA:135,0
DA:136,0
DA:138,0
DA:155,0
DA:156,0
DA:158,0
DA:175,0
DA:176,0
DA:178,0
DA:195,0
DA:196,0
DA:198,0
DA:200,0
DA:202,0
DA:204,0
DA:212,0
DA:221,0
DA:228,0
DA:235,0
DA:242,0
DA:250,0
DA:257,0
DA:263,0
DA:264,0
DA:266,0
LF:47
LH:0
BRDA:81,0,0,0
BRDA:81,0,1,0
BRDA:81,0,2,0
BRDA:81,0,3,0
BRDA:104,1,0,0
BRDA:104,1,1,0
BRDA:119,2,0,0
BRDA:119,2,1,0
BRDA:119,2,2,0
BRDA:119,2,3,0
BRDA:135,3,0,0
BRDA:135,3,1,0
BRDA:135,3,2,0
BRDA:136,4,0,0
BRDA:136,4,1,0
BRDA:141,5,0,0
BRDA:141,5,1,0
BRDA:143,6,0,0
BRDA:143,6,1,0
BRDA:145,7,0,0
BRDA:145,7,1,0
BRDA:156,8,0,0
BRDA:156,8,1,0
BRDA:161,9,0,0
BRDA:161,9,1,0
BRDA:176,10,0,0
BRDA:176,10,1,0
BRDA:196,11,0,0
BRDA:196,11,1,0
BRDA:196,11,2,0
BRDA:196,11,3,0
BRDA:221,12,0,0
BRDA:221,12,1,0
BRDA:221,12,2,0
BRDA:235,13,0,0
BRDA:235,13,1,0
BRDA:235,13,2,0
BRDA:250,14,0,0
BRDA:250,14,1,0
BRDA:250,14,2,0
BRDA:257,15,0,0
BRDA:257,15,1,0
BRF:42
BRH:0
end_of_record
TN:
SF:src/config/security.ts
FN:41,getSecurityConfig
FN:156,generateCSPString
FN:158,(anonymous_2)
FN:159,(anonymous_3)
FN:168,getSecurityHeaders
FN:210,validateSecurityConfig
FNF:6
FNH:6
FNDA:76,getSecurityConfig
FNDA:136,generateCSPString
FNDA:1758,(anonymous_2)
FNDA:1757,(anonymous_3)
FNDA:132,getSecurityHeaders
FNDA:20,validateSecurityConfig
DA:41,14
DA:42,76
DA:43,76
DA:45,76
DA:156,14
DA:157,136
DA:158,1758
DA:159,1757
DA:162,136
DA:168,14
DA:169,132
DA:171,132
DA:172,1
DA:175,132
DA:176,132
DA:179,132
DA:180,132
DA:183,132
DA:184,132
DA:187,132
DA:188,132
DA:191,132
DA:192,132
DA:196,132
DA:197,132
DA:198,132
DA:201,132
DA:204,132
DA:210,14
DA:214,20
DA:217,20
DA:218,20
DA:219,20
DA:220,60
DA:221,2
DA:226,20
DA:227,1
DA:228,1
DA:229,2
DA:230,2
DA:231,2
DA:238,20
DA:239,20
DA:240,1
DA:242,20
DA:243,1
DA:248,20
DA:249,20
DA:250,1
DA:252,20
DA:253,1
DA:257,20
DA:266,14
DA:271,14
DA:272,14
DA:273,0
LF:56
LH:55
BRDA:53,0,0,5
BRDA:53,0,1,71
BRDA:84,1,0,76
BRDA:84,1,1,75
BRDA:85,2,0,76
BRDA:85,2,1,75
BRDA:86,3,0,5
BRDA:86,3,1,71
BRDA:100,4,0,6
BRDA:100,4,1,70
BRDA:171,5,0,1
BRDA:171,5,1,131
BRDA:175,6,0,132
BRDA:175,6,1,0
BRDA:179,7,0,132
BRDA:179,7,1,0
BRDA:183,8,0,132
BRDA:183,8,1,0
BRDA:187,9,0,132
BRDA:187,9,1,0
BRDA:191,10,0,132
BRDA:191,10,1,0
BRDA:197,11,0,132
BRDA:197,11,1,0
BRDA:198,12,0,2
BRDA:198,12,1,130
BRDA:217,13,0,20
BRDA:217,13,1,0
BRDA:220,14,0,2
BRDA:220,14,1,58
BRDA:226,15,0,1
BRDA:226,15,1,19
BRDA:229,16,0,2
BRDA:229,16,1,0
BRDA:230,17,0,2
BRDA:230,17,1,0
BRDA:230,18,0,2
BRDA:230,18,1,1
BRDA:238,19,0,20
BRDA:238,19,1,0
BRDA:239,20,0,1
BRDA:239,20,1,19
BRDA:242,21,0,1
BRDA:242,21,1,19
BRDA:248,22,0,20
BRDA:248,22,1,0
BRDA:249,23,0,1
BRDA:249,23,1,19
BRDA:252,24,0,1
BRDA:252,24,1,19
BRDA:272,25,0,0
BRDA:272,25,1,14
BRF:52
BRH:40
end_of_record
TN:
SF:src/context/AuthContext.tsx
FN:13,(anonymous_0)
FN:27,(anonymous_1)
FN:31,(anonymous_2)
FN:47,(anonymous_3)
FN:72,(anonymous_4)
FN:98,(anonymous_5)
FN:122,(anonymous_6)
FN:123,(anonymous_7)
FNF:8
FNH:8
FNDA:189,(anonymous_0)
FNDA:77,(anonymous_1)
FNDA:2,(anonymous_2)
FNDA:1,(anonymous_3)
FNDA:2,(anonymous_4)
FNDA:1,(anonymous_5)
FNDA:24,(anonymous_6)
FNDA:24,(anonymous_7)
DA:1,7
DA:3,7
DA:4,7
DA:5,7
DA:6,7
DA:7,7
DA:10,7
DA:13,7
DA:14,189
DA:15,188
DA:16,2
DA:18,186
DA:27,7
DA:28,77
DA:31,77
DA:32,2
DA:34,2
DA:36,2
DA:40,1
DA:41,1
DA:42,1
DA:47,77
DA:48,1
DA:50,1
DA:53,1
DA:56,1
DA:59,1
DA:61,1
DA:63,0
DA:65,0
DA:66,0
DA:67,0
DA:72,77
DA:73,2
DA:74,2
DA:76,2
DA:78,2
DA:79,1
DA:82,1
DA:84,1
DA:86,1
DA:87,1
DA:90,0
DA:91,0
DA:93,2
DA:98,77
DA:99,1
DA:101,1
DA:104,1
DA:107,1
DA:110,1
DA:111,1
DA:113,1
DA:115,0
DA:116,0
DA:117,0
DA:122,77
DA:123,24
DA:124,24
DA:126,24
DA:128,24
DA:130,23
DA:131,15
DA:134,15
DA:137,15
DA:138,15
DA:140,15
DA:143,8
DA:144,8
DA:147,1
DA:148,1
DA:150,24
DA:154,24
DA:158,77
DA:168,77
LF:75
LH:66
BRDA:15,0,0,2
BRDA:15,0,1,186
BRDA:40,1,0,1
BRDA:40,1,1,0
BRDA:78,2,0,1
BRDA:78,2,1,1
BRDA:78,3,0,2
BRDA:78,3,1,1
BRDA:130,4,0,15
BRDA:130,4,1,8
BRDA:130,5,0,23
BRDA:130,5,1,15
BRF:12
BRH:11
end_of_record
TN:
SF:src/context/authReducer.ts
FN:12,(anonymous_0)
FNF:1
FNH:1
FNDA:88,(anonymous_0)
DA:4,8
DA:12,8
DA:13,88
DA:15,3
DA:22,16
DA:31,2
DA:40,10
DA:49,2
DA:57,2
DA:65,51
DA:71,2
DA:77,0
LF:12
LH:11
BRDA:13,0,0,3
BRDA:13,0,1,16
BRDA:13,0,2,2
BRDA:13,0,3,10
BRDA:13,0,4,2
BRDA:13,0,5,2
BRDA:13,0,6,51
BRDA:13,0,7,2
BRDA:13,0,8,0
BRF:9
BRH:8
end_of_record
TN:
SF:src/context/index.ts
FN:2,(anonymous_0)
FN:2,(anonymous_1)
FN:3,(anonymous_2)
FN:3,(anonymous_3)
FNF:4
FNH:0
FNDA:0,(anonymous_0)
FNDA:0,(anonymous_1)
FNDA:0,(anonymous_2)
FNDA:0,(anonymous_3)
DA:2,0
DA:3,0
LF:2
LH:0
BRF:0
BRH:0
end_of_record
TN:
SF:src/examples/accessControlIntegration.ts
FN:47,completeUserOnboarding
FN:73,(anonymous_1)
FN:85,demonstrateAccessControl
FN:98,(anonymous_3)
FN:107,(anonymous_4)
FN:116,demonstratePermissionUpdates
FN:168,demonstrateRoleBasedAccess
FN:228,(anonymous_7)
FN:241,runAccessControlIntegrationExamples
FNF:9
FNH:9
FNDA:20,completeUserOnboarding
FNDA:6,(anonymous_1)
FNDA:9,demonstrateAccessControl
FNDA:54,(anonymous_3)
FNDA:27,(anonymous_4)
FNDA:3,demonstratePermissionUpdates
FNDA:3,demonstrateRoleBasedAccess
FNDA:9,(anonymous_7)
FNDA:2,runAccessControlIntegrationExamples
DA:1,1
DA:2,1
DA:11,1
DA:22,1
DA:34,1
DA:47,1
DA:51,20
DA:54,20
DA:55,20
DA:64,20
DA:65,20
DA:68,20
DA:69,20
DA:72,20
DA:73,20
DA:79,20
DA:85,1
DA:86,9
DA:89,9
DA:98,9
DA:99,54
DA:100,54
DA:106,9
DA:107,9
DA:108,27
DA:109,27
DA:116,1
DA:117,3
DA:120,3
DA:121,3
DA:123,3
DA:126,3
DA:156,3
DA:157,3
DA:158,3
DA:161,3
DA:162,3
DA:168,1
DA:169,3
DA:172,3
DA:173,3
DA:175,3
DA:176,3
DA:179,3
DA:215,3
DA:216,3
DA:218,3
DA:219,3
DA:222,3
DA:228,3
DA:229,9
DA:230,9
DA:232,9
DA:233,9
DA:234,9
DA:241,1
DA:242,2
DA:245,2
DA:246,2
DA:247,2
DA:250,2
DA:251,2
DA:252,2
DA:255,2
DA:258,2
DA:260,2
DA:265,1
DA:266,1
DA:267,1
LF:69
LH:69
BRDA:100,0,0,21
BRDA:100,0,1,33
BRDA:101,1,0,33
BRDA:101,1,1,21
BRDA:109,2,0,12
BRDA:109,2,1,15
BRDA:233,3,0,3
BRDA:233,3,1,6
BRDA:234,4,0,9
BRDA:234,4,1,0
BRF:10
BRH:9
end_of_record
TN:
SF:src/examples/difyApiIntegration.ts
FN:16,getUserAvailableWorkflows
FN:25,(anonymous_1)
FN:26,(anonymous_2)
FN:37,executeWorkflowWithPermissions
FN:77,monitorWorkflowExecution
FN:107,cancelWorkflowExecution
FN:138,getUserWorkflowCategories
FN:144,(anonymous_7)
FN:160,searchUserWorkflows
FN:170,(anonymous_9)
FN:180,(anonymous_10)
FN:192,validateWorkflowInput
FN:233,validateFieldValue
FN:296,(anonymous_13)
FN:310,(anonymous_14)
FN:321,(anonymous_15)
FN:333,(anonymous_16)
FN:379,(anonymous_18)
FNF:18
FNH:17
FNDA:12,getUserAvailableWorkflows
FNDA:20,(anonymous_1)
FNDA:29,(anonymous_2)
FNDA:18,executeWorkflowWithPermissions
FNDA:2,monitorWorkflowExecution
FNDA:3,cancelWorkflowExecution
FNDA:3,getUserWorkflowCategories
FNDA:4,(anonymous_7)
FNDA:6,searchUserWorkflows
FNDA:12,(anonymous_9)
FNDA:12,(anonymous_10)
FNDA:17,validateWorkflowInput
FNDA:13,validateFieldValue
FNDA:1,(anonymous_13)
FNDA:2,(anonymous_14)
FNDA:1,(anonymous_15)
FNDA:3,(anonymous_16)
FNDA:0,(anonymous_18)
DA:1,1
DA:2,1
DA:16,1
DA:17,12
DA:19,12
DA:22,10
DA:25,10
DA:26,29
DA:29,2
DA:30,2
DA:37,1
DA:42,18
DA:44,18
DA:46,18
DA:47,1
DA:51,17
DA:54,17
DA:55,17
DA:56,14
DA:60,3
DA:62,2
DA:67,2
DA:69,16
DA:70,16
DA:77,1
DA:81,2
DA:83,2
DA:85,2
DA:86,1
DA:90,1
DA:92,1
DA:97,1
DA:99,1
DA:100,1
DA:107,1
DA:111,3
DA:113,3
DA:115,3
DA:116,1
DA:120,2
DA:122,2
DA:123,1
DA:125,1
DA:128,2
DA:130,1
DA:131,1
DA:138,1
DA:139,3
DA:140,3
DA:143,2
DA:144,2
DA:145,4
DA:146,3
DA:150,2
DA:152,1
DA:153,1
DA:160,1
DA:165,6
DA:166,6
DA:168,6
DA:170,6
DA:172,12
DA:173,2
DA:177,10
DA:180,12
DA:184,0
DA:185,0
DA:196,17
DA:197,17
DA:199,17
DA:200,0
DA:204,17
DA:205,17
DA:206,19
DA:207,9
DA:213,17
DA:214,31
DA:216,31
DA:217,13
DA:218,13
DA:219,7
DA:224,17
DA:238,13
DA:240,5
DA:241,1
DA:243,4
DA:244,1
DA:246,3
DA:247,0
DA:249,3
DA:250,0
DA:252,3
DA:256,2
DA:257,0
DA:259,2
DA:260,1
DA:262,1
DA:263,1
DA:265,0
DA:268,1
DA:269,1
DA:271,0
DA:274,4
DA:275,1
DA:277,3
DA:280,1
DA:281,1
DA:283,0
DA:286,6
DA:292,1
DA:297,1
DA:311,2
DA:322,1
DA:334,3
DA:336,3
DA:337,5
DA:338,5
DA:343,0
DA:346,0
DA:347,0
DA:350,5
DA:355,3
DA:367,0
DA:368,0
DA:370,0
DA:371,0
DA:372,0
DA:374,0
DA:375,0
DA:379,0
DA:381,0
DA:382,0
DA:386,0
LF:133
LH:110
BRDA:46,0,0,1
BRDA:46,0,1,17
BRDA:47,1,0,1
BRDA:47,1,1,0
BRDA:55,2,0,14
BRDA:55,2,1,3
BRDA:85,3,0,1
BRDA:85,3,1,1
BRDA:86,4,0,1
BRDA:86,4,1,0
BRDA:115,5,0,1
BRDA:115,5,1,2
BRDA:116,6,0,1
BRDA:116,6,1,0
BRDA:122,7,0,1
BRDA:122,7,1,1
BRDA:145,8,0,3
BRDA:145,8,1,1
BRDA:172,9,0,2
BRDA:172,9,1,10
BRDA:172,10,0,12
BRDA:172,10,1,4
BRDA:178,11,0,10
BRDA:178,11,1,6
BRDA:178,11,2,6
BRDA:178,11,3,6
BRDA:199,12,0,0
BRDA:199,12,1,17
BRDA:199,13,0,17
BRDA:199,13,1,17
BRDA:204,14,0,17
BRDA:204,14,1,0
BRDA:206,15,0,9
BRDA:206,15,1,10
BRDA:206,16,0,19
BRDA:206,16,1,10
BRDA:206,16,2,10
BRDA:216,17,0,13
BRDA:216,17,1,18
BRDA:216,18,0,31
BRDA:216,18,1,13
BRDA:218,19,0,7
BRDA:218,19,1,6
BRDA:238,20,0,5
BRDA:238,20,1,2
BRDA:238,20,2,2
BRDA:238,20,3,1
BRDA:238,20,4,4
BRDA:238,20,5,1
BRDA:240,21,0,1
BRDA:240,21,1,4
BRDA:243,22,0,1
BRDA:243,22,1,3
BRDA:243,23,0,4
BRDA:243,23,1,1
BRDA:246,24,0,0
BRDA:246,24,1,3
BRDA:246,25,0,3
BRDA:246,25,1,0
BRDA:249,26,0,0
BRDA:249,26,1,3
BRDA:249,27,0,3
BRDA:249,27,1,0
BRDA:256,28,0,0
BRDA:256,28,1,2
BRDA:259,29,0,1
BRDA:259,29,1,1
BRDA:259,30,0,2
BRDA:259,30,1,2
BRDA:262,31,0,1
BRDA:262,31,1,0
BRDA:262,32,0,1
BRDA:262,32,1,1
BRDA:268,33,0,1
BRDA:268,33,1,0
BRDA:274,34,0,1
BRDA:274,34,1,3
BRDA:280,35,0,1
BRDA:280,35,1,0
BRDA:280,36,0,1
BRDA:280,36,1,0
BRDA:310,37,0,1
BRDA:346,38,0,0
BRDA:346,38,1,0
BRDA:346,39,0,0
BRDA:346,39,1,0
BRDA:365,40,0,0
BRDA:374,41,0,0
BRDA:374,41,1,0
BRDA:374,42,0,0
BRDA:374,42,1,0
BRDA:374,42,2,0
BRF:92
BRH:68
end_of_record
TN:
SF:src/examples/errorHandlingIntegration.ts
FN:28,exampleAuthenticationErrorHandling
FN:33,(anonymous_1)
FN:61,exampleNetworkErrorHandling
FN:66,(anonymous_3)
FN:107,exampleDifyApiErrorHandling
FN:112,(anonymous_5)
FN:147,exampleAuthorizationErrorHandling
FN:172,exampleUnifiedErrorHandling
FN:186,(anonymous_8)
FN:209,exampleReactComponentIntegration
FN:257,runAllErrorHandlingExamples
FNF:11
FNH:5
FNDA:4,exampleAuthenticationErrorHandling
FNDA:0,(anonymous_1)
FNDA:4,exampleNetworkErrorHandling
FNDA:0,(anonymous_3)
FNDA:4,exampleDifyApiErrorHandling
FNDA:0,(anonymous_5)
FNDA:2,exampleAuthorizationErrorHandling
FNDA:3,exampleUnifiedErrorHandling
FNDA:0,(anonymous_8)
FNDA:0,exampleReactComponentIntegration
FNDA:0,runAllErrorHandlingExamples
DA:6,1
DA:12,1
DA:19,1
DA:28,1
DA:29,4
DA:32,4
DA:33,4
DA:34,0
DA:35,0
DA:37,0
DA:38,0
DA:44,0
DA:47,4
DA:48,4
DA:52,3
DA:54,1
DA:61,1
DA:62,4
DA:65,4
DA:66,4
DA:67,0
DA:68,0
DA:70,0
DA:71,0
DA:77,0
DA:84,4
DA:85,4
DA:87,4
DA:88,4
DA:94,2
DA:95,2
DA:97,2
DA:100,4
DA:107,1
DA:108,4
DA:111,4
DA:112,4
DA:113,0
DA:114,0
DA:116,0
DA:117,0
DA:123,0
DA:130,4
DA:131,4
DA:138,3
DA:140,1
DA:147,1
DA:148,2
DA:150,2
DA:156,2
DA:157,2
DA:164,2
DA:165,2
DA:172,1
DA:173,3
DA:176,3
DA:182,3
DA:183,9
DA:185,9
DA:186,9
DA:187,0
DA:188,0
DA:190,0
DA:191,0
DA:194,0
DA:197,9
DA:198,9
DA:199,6
DA:201,3
DA:209,1
DA:210,0
DA:251,0
DA:257,1
DA:258,0
DA:260,0
DA:261,0
DA:262,0
DA:264,0
DA:265,0
DA:267,0
DA:268,0
DA:270,0
DA:271,0
DA:273,0
DA:274,0
DA:276,0
DA:278,0
DA:280,0
LF:88
LH:51
BRDA:37,0,0,0
BRDA:37,0,1,0
BRDA:70,1,0,0
BRDA:70,1,1,0
BRDA:116,2,0,0
BRDA:116,2,1,0
BRDA:190,3,0,0
BRDA:190,3,1,0
BRF:8
BRH:0
end_of_record
TN:
SF:src/examples/protectedRouteIntegration.tsx
FN:25,(anonymous_1)
FN:45,(anonymous_2)
FN:64,(anonymous_3)
FN:119,(anonymous_4)
FN:139,(anonymous_5)
FN:167,(anonymous_6)
FN:192,(anonymous_7)
FN:199,(anonymous_8)
FN:206,(anonymous_9)
FN:213,(anonymous_10)
FN:223,(anonymous_11)
FN:230,(anonymous_12)
FN:237,(anonymous_13)
FN:249,(anonymous_14)
FN:256,(anonymous_15)
FN:266,(anonymous_16)
FN:285,(anonymous_17)
FN:314,(anonymous_18)
FN:325,(anonymous_19)
FN:330,(anonymous_20)
FN:333,(anonymous_21)
FN:336,(anonymous_22)
FNF:22
FNH:19
FNDA:3,(anonymous_1)
FNDA:2,(anonymous_2)
FNDA:2,(anonymous_3)
FNDA:2,(anonymous_4)
FNDA:2,(anonymous_5)
FNDA:6,(anonymous_6)
FNDA:1,(anonymous_7)
FNDA:1,(anonymous_8)
FNDA:1,(anonymous_9)
FNDA:1,(anonymous_10)
FNDA:1,(anonymous_11)
FNDA:1,(anonymous_12)
FNDA:1,(anonymous_13)
FNDA:1,(anonymous_14)
FNDA:1,(anonymous_15)
FNDA:0,(anonymous_16)
FNDA:0,(anonymous_17)
FNDA:0,(anonymous_18)
FNDA:3,(anonymous_19)
FNDA:2,(anonymous_20)
FNDA:1,(anonymous_21)
FNDA:1,(anonymous_22)
DA:8,1
DA:9,1
DA:16,1
DA:22,1
DA:25,1
DA:26,3
DA:28,3
DA:29,0
DA:32,3
DA:33,1
DA:36,2
DA:45,1
DA:46,2
DA:51,2
DA:52,1
DA:55,1
DA:64,1
DA:65,2
DA:68,2
DA:75,2
DA:76,0
DA:79,2
DA:119,1
DA:120,2
DA:125,2
DA:126,1
DA:129,1
DA:139,1
DA:140,2
DA:143,2
DA:144,2
DA:145,2
DA:146,2
DA:148,2
DA:149,0
DA:152,2
DA:168,6
DA:192,1
DA:193,1
DA:199,1
DA:200,1
DA:206,1
DA:207,1
DA:213,1
DA:214,1
DA:223,1
DA:224,1
DA:230,1
DA:231,1
DA:237,1
DA:238,1
DA:249,1
DA:250,1
DA:256,1
DA:257,1
DA:265,1
DA:267,0
DA:275,1
DA:285,1
DA:286,0
DA:314,1
DA:315,0
DA:325,1
DA:326,3
DA:327,3
DA:328,3
DA:330,3
DA:331,2
DA:333,1
DA:334,1
DA:336,1
DA:337,1
DA:339,0
DA:343,1
DA:347,3
DA:348,1
DA:351,2
DA:352,0
DA:359,2
DA:360,1
DA:363,1
DA:371,1
LF:82
LH:74
BRDA:28,0,0,0
BRDA:28,0,1,3
BRDA:32,1,0,1
BRDA:32,1,1,2
BRDA:51,2,0,1
BRDA:51,2,1,1
BRDA:51,3,0,2
BRDA:51,3,1,2
BRDA:51,3,2,2
BRDA:75,4,0,0
BRDA:75,4,1,2
BRDA:75,5,0,2
BRDA:75,5,1,2
BRDA:83,6,0,2
BRDA:83,6,1,1
BRDA:90,7,0,2
BRDA:90,7,1,1
BRDA:97,8,0,2
BRDA:97,8,1,1
BRDA:104,9,0,2
BRDA:104,9,1,1
BRDA:111,10,0,2
BRDA:111,10,1,1
BRDA:125,11,0,1
BRDA:125,11,1,1
BRDA:125,12,0,2
BRDA:125,12,1,2
BRDA:125,12,2,2
BRDA:148,13,0,0
BRDA:148,13,1,2
BRDA:148,14,0,2
BRDA:148,14,1,2
BRDA:157,15,0,2
BRDA:157,15,1,1
BRDA:160,16,0,2
BRDA:160,16,1,1
BRDA:175,17,0,6
BRDA:175,17,1,6
BRDA:178,18,0,6
BRDA:178,18,1,3
BRDA:331,19,0,1
BRDA:331,19,1,1
BRDA:347,20,0,1
BRDA:347,20,1,2
BRDA:347,21,0,3
BRDA:347,21,1,3
BRDA:351,22,0,0
BRDA:351,22,1,2
BRDA:359,23,0,1
BRDA:359,23,1,1
BRF:50
BRH:46
end_of_record
TN:
SF:src/examples/securityIntegration.ts
FN:17,secureOAuthFlow
FN:40,demonstrateInputValidation
FN:51,(anonymous_2)
FN:64,(anonymous_3)
FN:78,(anonymous_4)
FN:90,demonstrateRateLimiting
FN:114,demonstrateSecureRequests
FN:148,demonstrateSecurityHeaders
FN:158,(anonymous_8)
FN:172,demonstrateCompleteSecurityIntegration
FN:196,validateSecuritySetup
FN:244,(anonymous_11)
FN:253,(anonymous_12)
FN:262,(anonymous_13)
FN:279,(anonymous_14)
FNF:15
FNH:0
FNDA:0,secureOAuthFlow
FNDA:0,demonstrateInputValidation
FNDA:0,(anonymous_2)
FNDA:0,(anonymous_3)
FNDA:0,(anonymous_4)
FNDA:0,demonstrateRateLimiting
FNDA:0,demonstrateSecureRequests
FNDA:0,demonstrateSecurityHeaders
FNDA:0,(anonymous_8)
FNDA:0,demonstrateCompleteSecurityIntegration
FNDA:0,validateSecuritySetup
FNDA:0,(anonymous_11)
FNDA:0,(anonymous_12)
FNDA:0,(anonymous_13)
FNDA:0,(anonymous_14)
DA:5,0
DA:17,0
DA:18,0
DA:20,0
DA:21,0
DA:24,0
DA:25,0
DA:27,0
DA:28,0
DA:30,0
DA:33,0
DA:40,0
DA:41,0
DA:44,0
DA:51,0
DA:52,0
DA:53,0
DA:57,0
DA:64,0
DA:65,0
DA:66,0
DA:70,0
DA:78,0
DA:79,0
DA:80,0
DA:81,0
DA:82,0
DA:90,0
DA:91,0
DA:93,0
DA:94,0
DA:95,0
DA:97,0
DA:100,0
DA:101,0
DA:102,0
DA:104,0
DA:108,0
DA:114,0
DA:115,0
DA:117,0
DA:119,0
DA:122,0
DA:125,0
DA:126,0
DA:128,0
DA:132,0
DA:133,0
DA:134,0
DA:137,0
DA:141,0
DA:148,0
DA:149,0
DA:152,0
DA:153,0
DA:156,0
DA:157,0
DA:158,0
DA:159,0
DA:163,0
DA:164,0
DA:165,0
DA:172,0
DA:173,0
DA:176,0
DA:179,0
DA:182,0
DA:185,0
DA:188,0
DA:190,0
DA:196,0
DA:201,0
DA:202,0
DA:205,0
DA:206,0
DA:207,0
DA:211,0
DA:212,0
DA:213,0
DA:214,0
DA:219,0
DA:220,0
DA:221,0
DA:224,0
DA:225,0
DA:226,0
DA:227,0
DA:230,0
DA:240,0
DA:245,0
DA:246,0
DA:247,0
DA:254,0
DA:255,0
DA:256,0
DA:263,0
DA:264,0
DA:267,0
DA:270,0
DA:272,0
DA:273,0
DA:280,0
DA:286,0
DA:287,0
DA:289,0
LF:105
LH:0
BRDA:27,0,0,0
BRDA:27,0,1,0
BRDA:53,1,0,0
BRDA:53,1,1,0
BRDA:80,2,0,0
BRDA:80,2,1,0
BRDA:81,3,0,0
BRDA:81,3,1,0
BRDA:104,4,0,0
BRDA:104,4,1,0
BRDA:163,5,0,0
BRDA:163,5,1,0
BRDA:206,6,0,0
BRDA:206,6,1,0
BRDA:211,7,0,0
BRDA:211,7,1,0
BRDA:213,8,0,0
BRDA:213,8,1,0
BRDA:219,9,0,0
BRDA:219,9,1,0
BRDA:224,10,0,0
BRDA:224,10,1,0
BRDA:247,11,0,0
BRDA:247,11,1,0
BRDA:256,12,0,0
BRDA:256,12,1,0
BRDA:273,13,0,0
BRDA:273,13,1,0
BRF:28
BRH:0
end_of_record
TN:
SF:src/examples/userAttributeIntegration.ts
FN:12,processOAuthCallback
FN:39,updateUserProfile
FN:66,exchangeCodeForToken
FN:77,fetchUserProfile
FN:126,checkUserAccess
FN:156,(anonymous_5)
FN:162,(anonymous_6)
FN:168,(anonymous_7)
FNF:8
FNH:8
FNDA:5,processOAuthCallback
FNDA:2,updateUserProfile
FNDA:5,exchangeCodeForToken
FNDA:5,fetchUserProfile
FNDA:8,checkUserAccess
FNDA:1,(anonymous_5)
FNDA:1,(anonymous_6)
FNDA:1,(anonymous_7)
DA:6,1
DA:12,1
DA:17,5
DA:20,5
DA:23,5
DA:25,5
DA:33,5
DA:39,1
DA:43,2
DA:44,2
DA:49,2
DA:56,2
DA:58,0
DA:59,0
DA:71,5
DA:82,5
DA:84,2
DA:96,2
DA:108,1
DA:119,0
DA:126,1
DA:130,8
DA:131,1
DA:132,1
DA:136,7
DA:137,2
DA:138,2
DA:142,5
DA:143,4
DA:144,4
DA:147,1
DA:148,1
DA:154,1
DA:157,1
DA:158,1
DA:163,1
DA:164,1
DA:169,1
DA:181,1
DA:191,1
LF:40
LH:37
BRDA:82,0,0,2
BRDA:82,0,1,2
BRDA:82,0,2,1
BRDA:82,0,3,0
BRDA:130,1,0,1
BRDA:130,1,1,7
BRDA:130,2,0,8
BRDA:130,2,1,4
BRDA:136,3,0,2
BRDA:136,3,1,5
BRDA:142,4,0,4
BRDA:142,4,1,1
BRDA:142,5,0,5
BRDA:142,5,1,2
BRF:14
BRH:13
end_of_record
TN:
SF:src/examples/workflowExecutionIntegration.ts
FN:22,executeWorkflowWithPermissions
FN:52,(anonymous_1)
FN:53,(anonymous_2)
FN:76,(anonymous_3)
FN:103,getAvailableWorkflowsForUser
FN:109,(anonymous_5)
FN:122,(anonymous_6)
FN:123,(anonymous_7)
FN:141,validateWorkflowInputWithDetails
FN:150,(anonymous_9)
FN:158,(anonymous_10)
FN:182,executeWorkflowChain
FN:210,(anonymous_12)
FN:263,(anonymous_13)
FN:284,(anonymous_14)
FN:300,(anonymous_15)
FN:317,(anonymous_16)
FN:321,(anonymous_17)
FN:325,(anonymous_18)
FN:326,(anonymous_19)
FN:335,(anonymous_20)
FN:339,(anonymous_21)
FN:355,(anonymous_22)
FN:402,formatExecutionResultForDisplay
FN:426,estimateWorkflowComplexity
FN:472,generateComplexityRecommendations
FNF:26
FNH:22
FNDA:8,executeWorkflowWithPermissions
FNDA:7,(anonymous_1)
FNDA:14,(anonymous_2)
FNDA:0,(anonymous_3)
FNDA:3,getAvailableWorkflowsForUser
FNDA:4,(anonymous_5)
FNDA:3,(anonymous_6)
FNDA:4,(anonymous_7)
FNDA:4,validateWorkflowInputWithDetails
FNDA:1,(anonymous_9)
FNDA:4,(anonymous_10)
FNDA:3,executeWorkflowChain
FNDA:0,(anonymous_12)
FNDA:3,(anonymous_13)
FNDA:3,(anonymous_14)
FNDA:0,(anonymous_15)
FNDA:4,(anonymous_16)
FNDA:1,(anonymous_17)
FNDA:7,(anonymous_18)
FNDA:5,(anonymous_19)
FNDA:0,(anonymous_20)
FNDA:1,(anonymous_21)
FNDA:4,(anonymous_22)
FNDA:4,formatExecutionResultForDisplay
FNDA:4,estimateWorkflowComplexity
FNDA:4,generateComplexityRecommendations
DA:8,1
DA:9,1
DA:10,1
DA:22,1
DA:28,8
DA:30,8
DA:36,8
DA:37,1
DA:49,7
DA:52,7
DA:53,7
DA:54,14
DA:59,7
DA:60,7
DA:69,0
DA:77,0
DA:82,0
DA:85,8
DA:87,8
DA:88,8
DA:91,0
DA:103,1
DA:104,3
DA:106,3
DA:109,2
DA:111,4
DA:117,4
DA:118,1
DA:122,3
DA:123,3
DA:124,4
DA:130,2
DA:133,1
DA:134,1
DA:141,1
DA:145,4
DA:150,4
DA:151,1
DA:154,4
DA:157,4
DA:158,4
DA:159,4
DA:162,4
DA:163,1
DA:166,4
DA:167,1
DA:172,4
DA:182,1
DA:187,3
DA:188,3
DA:189,3
DA:191,3
DA:192,3
DA:194,3
DA:196,3
DA:198,3
DA:206,3
DA:211,0
DA:222,0
DA:225,0
DA:226,0
DA:230,3
DA:239,3
DA:242,3
DA:246,3
DA:259,1
DA:260,5
DA:261,5
DA:268,3
DA:277,3
DA:278,3
DA:281,3
DA:285,3
DA:286,3
DA:288,3
DA:289,3
DA:291,1
DA:292,1
DA:293,1
DA:294,1
DA:296,1
DA:299,1
DA:300,0
DA:303,1
DA:304,1
DA:308,2
DA:309,2
DA:310,2
DA:312,2
DA:313,2
DA:318,4
DA:322,1
DA:326,7
DA:327,5
DA:328,5
DA:330,0
DA:336,0
DA:340,1
DA:342,1
DA:343,1
DA:344,1
DA:345,0
DA:346,0
DA:347,0
DA:348,0
DA:352,1
DA:356,4
DA:357,4
DA:397,1
DA:402,1
DA:403,4
DA:404,1
DA:407,3
DA:408,1
DA:411,2
DA:412,1
DA:413,1
DA:417,1
DA:420,1
DA:426,1
DA:430,4
DA:431,4
DA:434,4
DA:435,4
DA:436,1
DA:437,1
DA:438,3
DA:439,0
DA:440,0
DA:444,4
DA:445,2
DA:446,2
DA:449,4
DA:450,1
DA:451,1
DA:455,4
DA:457,4
DA:476,4
DA:478,4
DA:479,1
DA:480,1
DA:483,4
DA:484,1
DA:485,1
DA:488,4
DA:489,1
DA:490,1
DA:493,4
LF:148
LH:131
BRDA:36,0,0,1
BRDA:36,0,1,7
BRDA:54,1,0,14
BRDA:54,1,1,14
BRDA:54,1,2,0
BRDA:54,1,3,0
BRDA:59,2,0,7
BRDA:59,2,1,0
BRDA:87,3,0,8
BRDA:87,3,1,0
BRDA:117,4,0,1
BRDA:117,4,1,3
BRDA:124,5,0,4
BRDA:124,5,1,4
BRDA:124,5,2,0
BRDA:124,5,3,0
BRDA:157,6,0,4
BRDA:157,6,1,0
BRDA:162,7,0,1
BRDA:162,7,1,3
BRDA:162,8,0,4
BRDA:162,8,1,3
BRDA:162,8,2,2
BRDA:166,9,0,1
BRDA:166,9,1,3
BRDA:166,10,0,4
BRDA:166,10,1,1
BRDA:166,10,2,1
BRDA:225,11,0,0
BRDA:225,11,1,0
BRDA:225,12,0,0
BRDA:225,12,1,0
BRDA:230,13,0,3
BRDA:230,13,1,0
BRDA:286,14,0,0
BRDA:286,14,1,3
BRDA:299,15,0,0
BRDA:299,15,1,1
BRDA:309,16,0,2
BRDA:309,16,1,0
BRDA:342,17,0,1
BRDA:342,17,1,0
BRDA:344,18,0,0
BRDA:344,18,1,1
BRDA:403,19,0,1
BRDA:403,19,1,3
BRDA:404,20,0,1
BRDA:404,20,1,1
BRDA:407,21,0,1
BRDA:407,21,1,2
BRDA:411,22,0,1
BRDA:411,22,1,1
BRDA:413,23,0,1
BRDA:413,23,1,0
BRDA:417,24,0,1
BRDA:417,24,1,0
BRDA:435,25,0,1
BRDA:435,25,1,3
BRDA:438,26,0,0
BRDA:438,26,1,3
BRDA:444,27,0,2
BRDA:444,27,1,2
BRDA:449,28,0,1
BRDA:449,28,1,3
BRDA:460,29,0,1
BRDA:460,29,1,3
BRDA:460,30,0,1
BRDA:460,30,1,2
BRDA:478,31,0,1
BRDA:478,31,1,3
BRDA:483,32,0,1
BRDA:483,32,1,3
BRDA:488,33,0,1
BRDA:488,33,1,3
BRF:74
BRH:54
end_of_record
TN:
SF:src/hooks/index.ts
FN:3,(anonymous_0)
FN:4,(anonymous_1)
FN:5,(anonymous_2)
FN:6,(anonymous_3)
FN:7,(anonymous_4)
FN:8,(anonymous_5)
FN:13,(anonymous_6)
FN:14,(anonymous_7)
FN:15,(anonymous_8)
FN:16,(anonymous_9)
FN:21,(anonymous_10)
FN:22,(anonymous_11)
FN:27,(anonymous_12)
FN:28,(anonymous_13)
FN:29,(anonymous_14)
FN:34,(anonymous_15)
FN:35,(anonymous_16)
FN:36,(anonymous_17)
FN:37,(anonymous_18)
FN:38,(anonymous_19)
FN:39,(anonymous_20)
FN:44,(anonymous_21)
FN:45,(anonymous_22)
FN:46,(anonymous_23)
FNF:24
FNH:0
FNDA:0,(anonymous_0)
FNDA:0,(anonymous_1)
FNDA:0,(anonymous_2)
FNDA:0,(anonymous_3)
FNDA:0,(anonymous_4)
FNDA:0,(anonymous_5)
FNDA:0,(anonymous_6)
FNDA:0,(anonymous_7)
FNDA:0,(anonymous_8)
FNDA:0,(anonymous_9)
FNDA:0,(anonymous_10)
FNDA:0,(anonymous_11)
FNDA:0,(anonymous_12)
FNDA:0,(anonymous_13)
FNDA:0,(anonymous_14)
FNDA:0,(anonymous_15)
FNDA:0,(anonymous_16)
FNDA:0,(anonymous_17)
FNDA:0,(anonymous_18)
FNDA:0,(anonymous_19)
FNDA:0,(anonymous_20)
FNDA:0,(anonymous_21)
FNDA:0,(anonymous_22)
FNDA:0,(anonymous_23)
DA:2,0
DA:3,0
DA:4,0
DA:5,0
DA:6,0
DA:7,0
DA:8,0
DA:12,0
DA:13,0
DA:14,0
DA:15,0
DA:16,0
DA:20,0
DA:21,0
DA:22,0
DA:26,0
DA:27,0
DA:28,0
DA:29,0
DA:33,0
DA:34,0
DA:35,0
DA:36,0
DA:37,0
DA:38,0
DA:39,0
DA:43,0
DA:44,0
DA:45,0
DA:46,0
LF:30
LH:0
BRF:0
BRH:0
end_of_record
TN:
SF:src/hooks/useAsyncOperation.ts
FN:36,useAsyncOperation
FN:59,(anonymous_1)
FN:70,(anonymous_2)
FN:79,(anonymous_3)
FN:80,(anonymous_4)
FN:129,(anonymous_5)
FN:138,(anonymous_6)
FN:144,(anonymous_7)
FN:160,(anonymous_8)
FN:165,(anonymous_9)
FN:172,(anonymous_10)
FN:173,(anonymous_11)
FN:192,useParallelAsyncOperations
FN:199,(anonymous_13)
FN:201,(anonymous_14)
FN:214,(anonymous_15)
FN:218,(anonymous_16)
FN:224,(anonymous_17)
FN:230,(anonymous_18)
FN:232,(anonymous_19)
FN:244,(anonymous_20)
FN:254,(anonymous_21)
FN:274,(anonymous_22)
FN:293,(anonymous_23)
FN:300,(anonymous_24)
FN:304,(anonymous_25)
FN:316,(anonymous_26)
FN:334,(anonymous_27)
FN:354,(anonymous_28)
FN:369,(anonymous_29)
FN:370,(anonymous_30)
FN:374,(anonymous_31)
FN:376,(anonymous_32)
FN:386,(anonymous_33)
FN:391,(anonymous_34)
FN:400,(anonymous_35)
FN:403,(anonymous_36)
FN:405,(anonymous_37)
FN:418,(anonymous_38)
FN:419,(anonymous_39)
FN:420,(anonymous_40)
FN:421,(anonymous_41)
FN:424,(anonymous_42)
FN:425,(anonymous_43)
FN:426,(anonymous_44)
FN:449,useSequentialAsyncOperations
FN:465,(anonymous_46)
FN:526,(anonymous_47)
FNF:48
FNH:44
FNDA:22,useAsyncOperation
FNDA:10,(anonymous_1)
FNDA:10,(anonymous_2)
FNDA:10,(anonymous_3)
FNDA:1,(anonymous_4)
FNDA:1,(anonymous_5)
FNDA:1,(anonymous_6)
FNDA:1,(anonymous_7)
FNDA:1,(anonymous_8)
FNDA:1,(anonymous_9)
FNDA:8,(anonymous_10)
FNDA:8,(anonymous_11)
FNDA:12,useParallelAsyncOperations
FNDA:5,(anonymous_13)
FNDA:10,(anonymous_14)
FNDA:4,(anonymous_15)
FNDA:0,(anonymous_16)
FNDA:8,(anonymous_17)
FNDA:4,(anonymous_18)
FNDA:8,(anonymous_19)
FNDA:8,(anonymous_20)
FNDA:5,(anonymous_21)
FNDA:1,(anonymous_22)
FNDA:8,(anonymous_23)
FNDA:1,(anonymous_24)
FNDA:1,(anonymous_25)
FNDA:1,(anonymous_26)
FNDA:1,(anonymous_27)
FNDA:0,(anonymous_28)
FNDA:2,(anonymous_29)
FNDA:4,(anonymous_30)
FNDA:2,(anonymous_31)
FNDA:4,(anonymous_32)
FNDA:0,(anonymous_33)
FNDA:0,(anonymous_34)
FNDA:1,(anonymous_35)
FNDA:1,(anonymous_36)
FNDA:2,(anonymous_37)
FNDA:23,(anonymous_38)
FNDA:13,(anonymous_39)
FNDA:23,(anonymous_40)
FNDA:15,(anonymous_41)
FNDA:5,(anonymous_42)
FNDA:5,(anonymous_43)
FNDA:9,(anonymous_44)
FNDA:11,useSequentialAsyncOperations
FNDA:4,(anonymous_46)
FNDA:1,(anonymous_47)
DA:1,1
DA:36,1
DA:40,22
DA:47,22
DA:48,22
DA:49,22
DA:57,22
DA:59,22
DA:61,10
DA:62,1
DA:65,10
DA:66,10
DA:67,10
DA:68,10
DA:70,10
DA:77,10
DA:79,10
DA:80,10
DA:81,1
DA:85,10
DA:91,7
DA:92,2
DA:95,5
DA:102,5
DA:103,5
DA:106,3
DA:107,0
DA:110,3
DA:112,3
DA:119,3
DA:120,3
DA:123,10
DA:124,9
DA:129,22
DA:130,1
DA:131,0
DA:134,1
DA:137,1
DA:138,1
DA:141,1
DA:144,22
DA:145,1
DA:146,0
DA:149,1
DA:156,1
DA:157,1
DA:160,22
DA:161,1
DA:162,1
DA:165,1
DA:172,22
DA:173,8
DA:174,8
DA:175,0
DA:180,22
DA:192,1
DA:199,12
DA:200,5
DA:201,5
DA:202,10
DA:209,5
DA:212,12
DA:214,12
DA:218,4
DA:219,0
DA:223,4
DA:224,4
DA:225,8
DA:227,4
DA:230,4
DA:231,4
DA:232,4
DA:233,8
DA:240,4
DA:244,4
DA:245,8
DA:246,8
DA:247,8
DA:250,7
DA:251,2
DA:254,5
DA:264,5
DA:265,5
DA:268,1
DA:269,0
DA:272,1
DA:274,1
DA:284,1
DA:285,1
DA:289,4
DA:292,4
DA:293,4
DA:294,8
DA:297,4
DA:300,12
DA:304,1
DA:305,1
DA:306,0
DA:310,1
DA:311,0
DA:314,1
DA:316,1
DA:326,1
DA:327,1
DA:330,1
DA:331,0
DA:334,1
DA:344,1
DA:345,1
DA:348,0
DA:349,0
DA:352,0
DA:354,0
DA:364,0
DA:365,0
DA:369,12
DA:370,2
DA:371,4
DA:374,2
DA:375,2
DA:376,2
DA:377,4
DA:382,2
DA:386,12
DA:387,0
DA:388,0
DA:391,0
DA:400,12
DA:401,1
DA:403,1
DA:404,1
DA:405,1
DA:406,2
DA:413,1
DA:418,23
DA:419,13
DA:420,23
DA:421,15
DA:424,12
DA:425,5
DA:426,5
DA:427,9
DA:432,12
DA:449,1
DA:456,11
DA:457,11
DA:458,11
DA:465,11
DA:468,4
DA:475,4
DA:476,4
DA:478,4
DA:480,4
DA:481,4
DA:482,7
DA:484,7
DA:485,7
DA:487,7
DA:488,7
DA:489,6
DA:490,6
DA:492,6
DA:494,1
DA:495,1
DA:497,1
DA:500,1
DA:504,3
DA:511,3
DA:513,1
DA:515,1
DA:522,1
DA:526,11
DA:527,1
DA:528,1
DA:529,1
DA:537,11
LF:176
LH:158
BRDA:38,0,0,13
BRDA:54,1,0,19
BRDA:55,2,0,19
BRDA:56,3,0,20
BRDA:61,4,0,1
BRDA:61,4,1,9
BRDA:91,5,0,2
BRDA:91,5,1,5
BRDA:106,6,0,0
BRDA:106,6,1,3
BRDA:110,7,0,3
BRDA:110,7,1,0
BRDA:119,8,0,1
BRDA:119,8,1,0
BRDA:123,9,0,9
BRDA:123,9,1,1
BRDA:130,10,0,0
BRDA:130,10,1,1
BRDA:137,11,0,1
BRDA:137,11,1,0
BRDA:145,12,0,0
BRDA:145,12,1,1
BRDA:161,13,0,1
BRDA:161,13,1,0
BRDA:174,14,0,0
BRDA:174,14,1,8
BRDA:215,15,0,3
BRDA:246,16,0,8
BRDA:246,16,1,6
BRDA:250,17,0,2
BRDA:250,17,1,5
BRDA:268,18,0,0
BRDA:268,18,1,1
BRDA:272,19,0,1
BRDA:272,19,1,0
BRDA:284,20,0,0
BRDA:284,20,1,0
BRDA:305,21,0,0
BRDA:305,21,1,1
BRDA:310,22,0,0
BRDA:310,22,1,1
BRDA:330,23,0,0
BRDA:330,23,1,1
BRDA:348,24,0,0
BRDA:348,24,1,0
BRDA:352,25,0,0
BRDA:352,25,1,0
BRDA:364,26,0,0
BRDA:364,26,1,0
BRDA:387,27,0,0
BRDA:387,27,1,0
BRDA:466,28,0,3
BRDA:485,29,0,7
BRDA:485,29,1,5
BRDA:497,30,0,0
BRDA:497,30,1,0
BRDA:513,31,0,1
BRDA:513,31,1,0
BRDA:543,32,0,11
BRDA:543,32,1,0
BRDA:543,33,0,3
BRDA:543,33,1,8
BRF:62
BRH:35
end_of_record
TN:
SF:src/hooks/useErrorHandling.ts
FN:48,(anonymous_0)
FN:57,(anonymous_1)
FN:62,(anonymous_2)
FN:73,(anonymous_3)
FN:81,(anonymous_4)
FN:95,(anonymous_5)
FN:116,(anonymous_6)
FN:137,(anonymous_7)
FN:146,(anonymous_8)
FN:154,(anonymous_9)
FN:168,(anonymous_10)
FN:173,(anonymous_11)
FN:195,(anonymous_12)
FN:203,(anonymous_13)
FN:208,(anonymous_14)
FN:219,(anonymous_15)
FN:227,(anonymous_16)
FN:241,(anonymous_17)
FN:257,(anonymous_18)
FN:278,(anonymous_19)
FN:286,(anonymous_20)
FN:295,(anonymous_21)
FN:306,(anonymous_22)
FN:314,(anonymous_23)
FN:328,(anonymous_24)
FN:344,(anonymous_25)
FN:365,(anonymous_26)
FN:378,(anonymous_27)
FN:383,(anonymous_28)
FN:391,(anonymous_29)
FN:400,(anonymous_30)
FN:410,(anonymous_31)
FN:427,(anonymous_32)
FN:466,(anonymous_33)
FN:476,(anonymous_34)
FN:478,(anonymous_35)
FN:501,(anonymous_36)
FNF:37
FNH:32
FNDA:24,(anonymous_0)
FNDA:4,(anonymous_1)
FNDA:4,(anonymous_2)
FNDA:4,(anonymous_3)
FNDA:1,(anonymous_4)
FNDA:3,(anonymous_5)
FNDA:0,(anonymous_6)
FNDA:20,(anonymous_7)
FNDA:2,(anonymous_8)
FNDA:2,(anonymous_9)
FNDA:2,(anonymous_10)
FNDA:2,(anonymous_11)
FNDA:23,(anonymous_12)
FNDA:4,(anonymous_13)
FNDA:4,(anonymous_14)
FNDA:4,(anonymous_15)
FNDA:2,(anonymous_16)
FNDA:2,(anonymous_17)
FNDA:1,(anonymous_18)
FNDA:20,(anonymous_19)
FNDA:2,(anonymous_20)
FNDA:2,(anonymous_21)
FNDA:2,(anonymous_22)
FNDA:1,(anonymous_23)
FNDA:1,(anonymous_24)
FNDA:0,(anonymous_25)
FNDA:16,(anonymous_26)
FNDA:3,(anonymous_27)
FNDA:3,(anonymous_28)
FNDA:1,(anonymous_29)
FNDA:2,(anonymous_30)
FNDA:0,(anonymous_31)
FNDA:1,(anonymous_32)
FNDA:9,(anonymous_33)
FNDA:4,(anonymous_34)
FNDA:0,(anonymous_35)
FNDA:0,(anonymous_36)
DA:6,1
DA:7,1
DA:15,1
DA:22,1
DA:48,1
DA:49,24
DA:50,24
DA:57,24
DA:62,4
DA:68,4
DA:69,1
DA:72,4
DA:73,4
DA:75,4
DA:81,1
DA:89,1
DA:90,0
DA:93,1
DA:95,3
DA:103,3
DA:104,0
DA:108,3
DA:109,1
DA:112,3
DA:116,24
DA:117,0
DA:118,0
DA:121,0
DA:127,24
DA:137,1
DA:138,20
DA:139,20
DA:146,20
DA:154,2
DA:160,2
DA:161,1
DA:164,2
DA:166,2
DA:168,2
DA:171,2
DA:173,2
DA:178,2
DA:179,0
DA:182,2
DA:186,20
DA:195,1
DA:196,23
DA:203,23
DA:208,4
DA:214,4
DA:215,0
DA:218,4
DA:219,4
DA:221,4
DA:227,2
DA:235,2
DA:236,1
DA:239,2
DA:241,2
DA:249,2
DA:250,1
DA:253,2
DA:257,23
DA:258,1
DA:259,0
DA:262,1
DA:268,23
DA:278,1
DA:279,20
DA:286,20
DA:295,2
DA:301,2
DA:302,0
DA:305,2
DA:306,2
DA:308,2
DA:314,1
DA:322,1
DA:323,1
DA:326,1
DA:328,1
DA:336,1
DA:337,1
DA:340,1
DA:344,20
DA:345,0
DA:346,0
DA:349,0
DA:355,20
DA:365,1
DA:366,16
DA:367,16
DA:368,16
DA:369,16
DA:371,16
DA:378,16
DA:383,3
DA:388,3
DA:389,3
DA:391,1
DA:398,1
DA:400,2
DA:406,2
DA:410,16
DA:411,0
DA:412,0
DA:415,0
DA:417,0
DA:419,0
DA:421,0
DA:423,0
DA:427,16
DA:428,1
DA:436,16
DA:466,1
DA:472,9
DA:473,9
DA:474,9
DA:476,9
DA:477,4
DA:478,4
DA:480,4
DA:481,4
DA:482,2
DA:483,2
DA:485,2
DA:487,2
DA:489,0
DA:490,0
DA:497,2
DA:501,9
DA:502,0
DA:503,0
DA:506,0
DA:507,0
DA:508,0
DA:509,0
DA:510,0
DA:512,0
DA:513,0
DA:517,9
LF:141
LH:111
BRDA:48,0,0,6
BRDA:68,1,0,1
BRDA:68,1,1,3
BRDA:89,2,0,0
BRDA:89,2,1,1
BRDA:103,3,0,0
BRDA:103,3,1,3
BRDA:108,4,0,1
BRDA:108,4,1,2
BRDA:117,5,0,0
BRDA:117,5,1,0
BRDA:117,6,0,0
BRDA:117,6,1,0
BRDA:137,7,0,2
BRDA:160,8,0,1
BRDA:160,8,1,1
BRDA:178,9,0,0
BRDA:178,9,1,2
BRDA:195,10,0,3
BRDA:214,11,0,0
BRDA:214,11,1,4
BRDA:235,12,0,1
BRDA:235,12,1,1
BRDA:246,13,0,2
BRDA:246,13,1,2
BRDA:249,14,0,1
BRDA:249,14,1,1
BRDA:258,15,0,0
BRDA:258,15,1,1
BRDA:258,16,0,1
BRDA:258,16,1,1
BRDA:278,17,0,0
BRDA:301,18,0,0
BRDA:301,18,1,2
BRDA:322,19,0,1
BRDA:322,19,1,0
BRDA:333,20,0,1
BRDA:333,20,1,1
BRDA:336,21,0,1
BRDA:336,21,1,0
BRDA:345,22,0,0
BRDA:345,22,1,0
BRDA:345,23,0,0
BRDA:345,23,1,0
BRDA:365,24,0,7
BRDA:411,25,0,0
BRDA:411,25,1,0
BRDA:415,26,0,0
BRDA:415,26,1,0
BRDA:415,26,2,0
BRDA:415,26,3,0
BRDA:439,27,0,16
BRDA:439,27,1,16
BRDA:439,27,2,16
BRDA:439,27,3,16
BRDA:468,28,0,9
BRDA:487,29,0,0
BRDA:487,29,1,2
BRDA:502,30,0,0
BRDA:502,30,1,0
BRDA:520,31,0,9
BRDA:520,31,1,8
BRF:62
BRH:36
end_of_record
TN:
SF:src/hooks/useProtectedRoute.ts
FN:10,(anonymous_0)
FN:14,(anonymous_1)
FN:37,(anonymous_2)
FN:52,(anonymous_3)
FN:84,(anonymous_4)
FN:98,(anonymous_5)
FN:102,(anonymous_6)
FN:133,(anonymous_7)
FN:149,(anonymous_8)
FN:155,(anonymous_9)
FN:161,(anonymous_10)
FN:175,checkUserPermission
FN:181,(anonymous_12)
FN:198,(anonymous_13)
FN:212,(anonymous_14)
FN:214,(anonymous_15)
FNF:16
FNH:16
FNDA:19,(anonymous_0)
FNDA:18,(anonymous_1)
FNDA:15,(anonymous_2)
FNDA:15,(anonymous_3)
FNDA:7,(anonymous_4)
FNDA:12,(anonymous_5)
FNDA:7,(anonymous_6)
FNDA:93,(anonymous_7)
FNDA:4,(anonymous_8)
FNDA:3,(anonymous_9)
FNDA:11,(anonymous_10)
FNDA:126,checkUserPermission
FNDA:164,(anonymous_12)
FNDA:15,(anonymous_13)
FNDA:21,(anonymous_14)
FNDA:15,(anonymous_15)
DA:1,8
DA:2,8
DA:3,8
DA:10,8
DA:11,19
DA:12,19
DA:14,19
DA:15,18
DA:16,4
DA:20,19
DA:37,8
DA:45,15
DA:46,15
DA:47,15
DA:50,15
DA:52,15
DA:53,15
DA:54,15
DA:55,1
DA:56,1
DA:59,14
DA:60,5
DA:72,15
DA:84,8
DA:93,7
DA:94,7
DA:97,7
DA:99,12
DA:102,7
DA:103,7
DA:104,7
DA:105,0
DA:106,0
DA:109,7
DA:110,3
DA:121,7
DA:133,8
DA:138,93
DA:140,93
DA:142,89
DA:149,8
DA:152,4
DA:154,4
DA:155,1
DA:156,3
DA:157,3
DA:161,3
DA:162,11
DA:168,11
DA:181,126
DA:183,164
DA:187,164
DA:190,164
DA:198,8
DA:207,15
DA:208,15
DA:211,15
DA:212,21
DA:214,15
DA:215,15
DA:216,15
DA:217,1
DA:218,1
DA:221,14
DA:222,6
DA:233,15
LF:66
LH:64
BRDA:15,0,0,4
BRDA:15,0,1,14
BRDA:15,1,0,18
BRDA:15,1,1,15
BRDA:47,2,0,14
BRDA:47,3,0,14
BRDA:50,4,0,14
BRDA:50,4,1,1
BRDA:53,5,0,15
BRDA:53,5,1,0
BRDA:54,6,0,1
BRDA:54,6,1,14
BRDA:59,7,0,5
BRDA:59,7,1,9
BRDA:59,8,0,14
BRDA:59,8,1,14
BRDA:86,9,0,7
BRDA:97,10,0,7
BRDA:97,10,1,0
BRDA:99,11,0,12
BRDA:99,11,1,12
BRDA:103,12,0,7
BRDA:103,12,1,0
BRDA:104,13,0,0
BRDA:104,13,1,7
BRDA:109,14,0,3
BRDA:109,14,1,4
BRDA:109,15,0,7
BRDA:109,15,1,7
BRDA:136,16,0,93
BRDA:140,17,0,4
BRDA:140,17,1,89
BRDA:154,18,0,1
BRDA:154,18,1,3
BRDA:166,19,0,11
BRDA:166,19,1,11
BRDA:179,20,0,0
BRDA:183,21,0,164
BRDA:183,21,1,73
BRDA:183,21,2,72
BRDA:187,22,0,164
BRDA:187,22,1,110
BRDA:187,22,2,108
BRDA:190,23,0,164
BRDA:190,23,1,91
BRDA:200,24,0,14
BRDA:211,25,0,14
BRDA:211,25,1,1
BRDA:215,26,0,15
BRDA:215,26,1,0
BRDA:216,27,0,1
BRDA:216,27,1,14
BRDA:221,28,0,6
BRDA:221,28,1,8
BRDA:221,29,0,14
BRDA:221,29,1,14
BRDA:226,30,0,6
BRDA:226,30,1,0
BRF:58
BRH:51
end_of_record
TN:
SF:src/hooks/useSessionSecurity.ts
FN:55,(anonymous_0)
FN:73,(anonymous_1)
FN:76,(anonymous_2)
FN:97,(anonymous_3)
FN:98,(anonymous_4)
FN:120,(anonymous_5)
FN:122,(anonymous_6)
FN:128,(anonymous_7)
FN:138,(anonymous_8)
FN:148,(anonymous_9)
FN:156,(anonymous_10)
FN:166,(anonymous_11)
FN:171,(anonymous_12)
FN:193,(anonymous_13)
FN:210,(anonymous_14)
FN:219,(anonymous_15)
FN:227,(anonymous_16)
FN:235,(anonymous_17)
FN:247,(anonymous_18)
FN:249,(anonymous_19)
FN:257,(anonymous_20)
FN:273,(anonymous_21)
FN:274,(anonymous_22)
FN:280,(anonymous_23)
FN:281,(anonymous_24)
FN:288,(anonymous_25)
FN:296,(anonymous_26)
FN:302,(anonymous_27)
FN:317,(anonymous_28)
FN:360,(anonymous_29)
FN:377,(anonymous_30)
FNF:31
FNH:29
FNDA:55,(anonymous_0)
FNDA:2,(anonymous_1)
FNDA:2,(anonymous_2)
FNDA:10,(anonymous_3)
FNDA:10,(anonymous_4)
FNDA:20,(anonymous_5)
FNDA:0,(anonymous_6)
FNDA:2,(anonymous_7)
FNDA:1,(anonymous_8)
FNDA:1,(anonymous_9)
FNDA:1,(anonymous_10)
FNDA:4,(anonymous_11)
FNDA:0,(anonymous_12)
FNDA:20,(anonymous_13)
FNDA:20,(anonymous_14)
FNDA:22,(anonymous_15)
FNDA:120,(anonymous_16)
FNDA:1,(anonymous_17)
FNDA:1,(anonymous_18)
FNDA:1,(anonymous_19)
FNDA:2,(anonymous_20)
FNDA:1,(anonymous_21)
FNDA:1,(anonymous_22)
FNDA:1,(anonymous_23)
FNDA:1,(anonymous_24)
FNDA:21,(anonymous_25)
FNDA:21,(anonymous_26)
FNDA:11,(anonymous_27)
FNDA:55,(anonymous_28)
FNDA:2,(anonymous_29)
FNDA:2,(anonymous_30)
DA:6,1
DA:7,1
DA:8,1
DA:45,1
DA:55,1
DA:56,55
DA:57,55
DA:60,55
DA:69,55
DA:70,55
DA:73,55
DA:74,2
DA:76,2
DA:77,2
DA:79,2
DA:81,2
DA:82,2
DA:85,2
DA:86,2
DA:88,2
DA:89,2
DA:92,2
DA:97,55
DA:98,10
DA:99,10
DA:105,10
DA:108,10
DA:109,1
DA:112,10
DA:120,55
DA:122,20
DA:123,0
DA:125,20
DA:128,20
DA:129,2
DA:130,2
DA:131,1
DA:133,1
DA:138,20
DA:139,1
DA:140,1
DA:141,1
DA:143,0
DA:148,20
DA:149,1
DA:150,1
DA:151,1
DA:156,20
DA:157,1
DA:158,1
DA:159,1
DA:161,0
DA:166,20
DA:167,4
DA:171,20
DA:172,0
DA:176,20
DA:177,20
DA:178,20
DA:179,20
DA:180,20
DA:181,20
DA:184,20
DA:185,20
DA:186,20
DA:187,20
DA:188,20
DA:189,20
DA:193,55
DA:194,20
DA:195,0
DA:199,20
DA:202,20
DA:205,20
DA:208,20
DA:210,20
DA:215,20
DA:219,55
DA:221,22
DA:222,20
DA:223,20
DA:227,22
DA:228,120
DA:230,22
DA:233,22
DA:235,22
DA:243,22
DA:247,55
DA:248,1
DA:249,1
DA:257,55
DA:258,2
DA:259,2
DA:260,2
DA:261,1
DA:262,1
DA:264,1
DA:266,0
DA:267,0
DA:268,0
DA:273,55
DA:274,1
DA:280,55
DA:281,1
DA:288,55
DA:289,21
DA:290,20
DA:292,1
DA:296,21
DA:297,21
DA:302,55
DA:303,11
DA:304,11
DA:305,11
DA:307,11
DA:308,3
DA:309,8
DA:310,6
DA:312,2
DA:317,55
DA:318,55
DA:319,53
DA:322,2
DA:331,55
DA:360,1
DA:361,2
DA:366,2
DA:377,1
DA:378,2
DA:383,2
LF:130
LH:122
BRDA:55,0,0,36
BRDA:79,1,0,2
BRDA:79,1,1,0
BRDA:79,2,0,2
BRDA:79,2,1,2
BRDA:81,3,0,2
BRDA:81,3,1,0
BRDA:82,4,0,2
BRDA:82,4,1,1
BRDA:85,5,0,2
BRDA:85,5,1,0
BRDA:86,6,0,2
BRDA:86,6,1,1
BRDA:108,7,0,1
BRDA:108,7,1,9
BRDA:108,8,0,10
BRDA:108,8,1,0
BRDA:109,9,0,1
BRDA:109,9,1,0
BRDA:130,10,0,1
BRDA:130,10,1,1
BRDA:140,11,0,1
BRDA:140,11,1,0
BRDA:150,12,0,1
BRDA:150,12,1,0
BRDA:158,13,0,1
BRDA:158,13,1,0
BRDA:159,14,0,1
BRDA:159,14,1,0
BRDA:194,15,0,0
BRDA:194,15,1,20
BRDA:194,16,0,20
BRDA:194,16,1,20
BRDA:221,17,0,20
BRDA:221,17,1,2
BRDA:260,18,0,1
BRDA:260,18,1,1
BRDA:289,19,0,20
BRDA:289,19,1,1
BRDA:289,20,0,21
BRDA:289,20,1,20
BRDA:307,21,0,3
BRDA:307,21,1,8
BRDA:309,22,0,6
BRDA:309,22,1,2
BRDA:318,23,0,53
BRDA:318,23,1,2
BRDA:341,24,0,55
BRDA:341,24,1,53
BRDA:342,25,0,55
BRDA:342,25,1,53
BRDA:360,26,0,0
BRDA:377,27,0,0
BRDA:377,28,0,0
BRF:54
BRH:41
end_of_record
TN:
SF:src/hooks/useWorkflowData.ts
FN:52,useWorkflowList
FN:60,(anonymous_1)
FN:81,(anonymous_2)
FN:109,(anonymous_3)
FN:114,(anonymous_4)
FN:125,(anonymous_5)
FN:129,(anonymous_6)
FN:149,useWorkflow
FN:156,(anonymous_8)
FN:209,(anonymous_9)
FN:221,(anonymous_10)
FN:225,(anonymous_11)
FN:245,useWorkflowExecution
FN:254,(anonymous_13)
FN:294,(anonymous_14)
FN:303,(anonymous_15)
FN:306,(anonymous_16)
FN:348,(anonymous_17)
FN:374,(anonymous_18)
FN:388,(anonymous_19)
FN:389,(anonymous_20)
FN:410,useParallelWorkflowData
FN:425,(anonymous_22)
FNF:23
FNH:21
FNDA:18,useWorkflowList
FNDA:10,(anonymous_1)
FNDA:14,(anonymous_2)
FNDA:2,(anonymous_3)
FNDA:12,(anonymous_4)
FNDA:8,(anonymous_5)
FNDA:8,(anonymous_6)
FNDA:13,useWorkflow
FNDA:7,(anonymous_8)
FNDA:1,(anonymous_9)
FNDA:6,(anonymous_10)
FNDA:6,(anonymous_11)
FNDA:17,useWorkflowExecution
FNDA:4,(anonymous_13)
FNDA:1,(anonymous_14)
FNDA:0,(anonymous_15)
FNDA:0,(anonymous_16)
FNDA:1,(anonymous_17)
FNDA:1,(anonymous_18)
FNDA:8,(anonymous_19)
FNDA:8,(anonymous_20)
FNDA:7,useParallelWorkflowData
FNDA:1,(anonymous_22)
DA:1,1
DA:2,1
DA:3,1
DA:4,1
DA:52,1
DA:53,18
DA:54,18
DA:55,18
DA:56,18
DA:57,18
DA:58,18
DA:60,18
DA:61,10
DA:62,1
DA:63,1
DA:64,1
DA:68,9
DA:69,0
DA:72,9
DA:73,9
DA:74,9
DA:76,9
DA:78,9
DA:81,7
DA:82,14
DA:87,14
DA:90,7
DA:91,7
DA:92,7
DA:94,2
DA:96,0
DA:99,2
DA:100,2
DA:101,2
DA:102,2
DA:104,9
DA:105,9
DA:109,18
DA:110,2
DA:114,18
DA:115,12
DA:117,12
DA:122,12
DA:125,18
DA:126,8
DA:129,8
DA:130,8
DA:131,0
DA:136,18
DA:149,1
DA:150,13
DA:151,13
DA:152,13
DA:153,13
DA:154,13
DA:156,13
DA:157,7
DA:158,1
DA:159,1
DA:160,1
DA:163,6
DA:164,0
DA:165,0
DA:166,0
DA:170,6
DA:171,0
DA:174,6
DA:175,6
DA:176,6
DA:178,6
DA:180,6
DA:186,6
DA:187,1
DA:191,5
DA:192,4
DA:193,4
DA:195,2
DA:197,0
DA:200,2
DA:201,2
DA:202,2
DA:204,6
DA:205,6
DA:209,13
DA:210,1
DA:214,13
DA:219,13
DA:221,13
DA:222,6
DA:225,6
DA:226,6
DA:227,0
DA:232,13
DA:245,1
DA:246,17
DA:247,17
DA:248,17
DA:249,17
DA:250,17
DA:251,17
DA:252,17
DA:254,17
DA:255,4
DA:256,1
DA:257,1
DA:260,3
DA:261,0
DA:262,0
DA:266,3
DA:272,3
DA:273,1
DA:274,1
DA:277,2
DA:278,2
DA:279,2
DA:280,2
DA:282,2
DA:284,2
DA:290,2
DA:291,2
DA:294,2
DA:295,1
DA:296,1
DA:298,1
DA:301,1
DA:303,0
DA:304,0
DA:306,0
DA:307,0
DA:311,1
DA:312,1
DA:313,1
DA:315,1
DA:316,1
DA:317,1
DA:320,1
DA:321,0
DA:323,1
DA:326,0
DA:331,2
DA:333,0
DA:334,0
DA:336,0
DA:337,0
DA:339,0
DA:340,0
DA:341,0
DA:344,0
DA:348,17
DA:349,1
DA:350,0
DA:353,1
DA:354,1
DA:356,1
DA:357,1
DA:358,1
DA:359,1
DA:361,1
DA:362,1
DA:363,1
DA:367,1
DA:369,0
DA:370,0
DA:374,17
DA:375,1
DA:376,1
DA:377,1
DA:378,1
DA:379,1
DA:381,1
DA:382,0
DA:383,0
DA:388,17
DA:389,8
DA:390,8
DA:391,0
DA:396,17
DA:410,1
DA:411,7
DA:412,7
DA:413,7
DA:416,7
DA:419,7
DA:422,7
DA:425,7
DA:426,1
DA:432,7
LF:187
LH:156
BRDA:61,0,0,1
BRDA:61,0,1,9
BRDA:68,1,0,0
BRDA:68,1,1,9
BRDA:94,2,0,0
BRDA:94,2,1,2
BRDA:94,3,0,2
BRDA:94,3,1,2
BRDA:99,4,0,2
BRDA:99,4,1,0
BRDA:114,5,0,18
BRDA:114,5,1,11
BRDA:115,6,0,0
BRDA:115,6,1,12
BRDA:130,7,0,0
BRDA:130,7,1,8
BRDA:157,8,0,1
BRDA:157,8,1,6
BRDA:163,9,0,0
BRDA:163,9,1,6
BRDA:170,10,0,0
BRDA:170,10,1,6
BRDA:186,11,0,1
BRDA:186,11,1,5
BRDA:195,12,0,0
BRDA:195,12,1,2
BRDA:195,13,0,2
BRDA:195,13,1,2
BRDA:200,14,0,2
BRDA:200,14,1,0
BRDA:214,15,0,4
BRDA:214,15,1,9
BRDA:214,16,0,13
BRDA:214,16,1,13
BRDA:219,17,0,13
BRDA:219,17,1,9
BRDA:226,18,0,0
BRDA:226,18,1,6
BRDA:255,19,0,1
BRDA:255,19,1,3
BRDA:260,20,0,0
BRDA:260,20,1,3
BRDA:272,21,0,1
BRDA:272,21,1,2
BRDA:296,22,0,0
BRDA:296,22,1,1
BRDA:301,23,0,0
BRDA:301,23,1,0
BRDA:301,23,2,1
BRDA:301,23,3,1
BRDA:301,23,4,1
BRDA:315,24,0,1
BRDA:315,24,1,0
BRDA:320,25,0,0
BRDA:320,25,1,1
BRDA:321,26,0,0
BRDA:321,26,1,0
BRDA:336,27,0,0
BRDA:336,27,1,0
BRDA:339,28,0,0
BRDA:339,28,1,0
BRDA:349,29,0,0
BRDA:349,29,1,1
BRDA:349,30,0,1
BRDA:349,30,1,1
BRDA:356,31,0,1
BRDA:356,31,1,0
BRDA:361,32,0,1
BRDA:361,32,1,0
BRDA:381,33,0,0
BRDA:381,33,1,1
BRDA:390,34,0,0
BRDA:390,34,1,8
BRDA:416,35,0,7
BRDA:416,35,1,4
BRDA:419,36,0,7
BRDA:419,36,1,6
BRDA:419,36,2,6
BRDA:422,37,0,7
BRDA:422,37,1,4
BRDA:422,37,2,3
BRF:81
BRH:54
end_of_record
TN:
SF:src/hooks/useWorkflowForm.ts
FN:66,useWorkflowForm
FN:83,(anonymous_1)
FN:138,(anonymous_2)
FN:151,(anonymous_3)
FN:162,(anonymous_4)
FN:163,(anonymous_5)
FN:167,(anonymous_6)
FN:175,(anonymous_7)
FN:181,(anonymous_8)
FN:182,(anonymous_9)
FN:188,(anonymous_10)
FN:193,(anonymous_11)
FN:194,(anonymous_12)
FN:197,(anonymous_13)
FN:198,(anonymous_14)
FN:205,(anonymous_15)
FN:210,(anonymous_16)
FN:219,(anonymous_17)
FN:220,(anonymous_18)
FN:246,(anonymous_19)
FN:259,(anonymous_20)
FN:295,generateFormFields
FN:300,(anonymous_22)
FN:333,generateDefaultValues
FN:338,(anonymous_24)
FN:362,getNestedValue
FN:363,(anonymous_26)
FN:371,setNestedValue
FN:393,getFieldSchema
FN:411,useMultipleWorkflowForms
FN:414,(anonymous_30)
FN:415,(anonymous_31)
FN:423,(anonymous_32)
FN:424,(anonymous_33)
FN:431,(anonymous_34)
FN:433,(anonymous_35)
FNF:36
FNH:27
FNDA:42,useWorkflowForm
FNDA:4,(anonymous_1)
FNDA:4,(anonymous_2)
FNDA:2,(anonymous_3)
FNDA:7,(anonymous_4)
FNDA:6,(anonymous_5)
FNDA:0,(anonymous_6)
FNDA:0,(anonymous_7)
FNDA:2,(anonymous_8)
FNDA:2,(anonymous_9)
FNDA:1,(anonymous_10)
FNDA:4,(anonymous_11)
FNDA:4,(anonymous_12)
FNDA:1,(anonymous_13)
FNDA:1,(anonymous_14)
FNDA:1,(anonymous_15)
FNDA:3,(anonymous_16)
FNDA:12,(anonymous_17)
FNDA:12,(anonymous_18)
FNDA:1,(anonymous_19)
FNDA:42,(anonymous_20)
FNDA:44,generateFormFields
FNDA:161,(anonymous_22)
FNDA:13,generateDefaultValues
FNDA:47,(anonymous_24)
FNDA:4,getNestedValue
FNDA:4,(anonymous_26)
FNDA:6,setNestedValue
FNDA:4,getFieldSchema
FNDA:0,useMultipleWorkflowForms
FNDA:0,(anonymous_30)
FNDA:0,(anonymous_31)
FNDA:0,(anonymous_32)
FNDA:0,(anonymous_33)
FNDA:0,(anonymous_34)
FNDA:0,(anonymous_35)
DA:1,1
DA:2,1
DA:66,1
DA:71,42
DA:72,42
DA:73,42
DA:74,42
DA:75,42
DA:76,42
DA:79,42
DA:83,42
DA:84,4
DA:86,4
DA:87,4
DA:89,4
DA:92,4
DA:93,3
DA:94,2
DA:99,2
DA:100,2
DA:102,2
DA:103,0
DA:107,2
DA:108,2
DA:109,0
DA:111,2
DA:112,0
DA:114,2
DA:115,0
DA:120,2
DA:121,0
DA:122,0
DA:124,0
DA:125,0
DA:130,2
DA:131,0
DA:134,2
DA:138,42
DA:139,4
DA:141,4
DA:142,4
DA:145,4
DA:150,4
DA:151,2
DA:152,2
DA:153,2
DA:157,4
DA:158,4
DA:162,42
DA:163,7
DA:166,7
DA:167,0
DA:168,0
DA:169,0
DA:170,0
DA:175,42
DA:176,0
DA:177,0
DA:178,0
DA:181,42
DA:182,2
DA:185,2
DA:186,2
DA:187,2
DA:188,1
DA:193,42
DA:194,4
DA:197,42
DA:198,1
DA:199,1
DA:200,1
DA:201,1
DA:205,42
DA:206,1
DA:207,1
DA:210,42
DA:213,3
DA:214,3
DA:215,3
DA:217,3
DA:219,12
DA:220,3
DA:221,12
DA:222,12
DA:224,3
DA:227,3
DA:228,3
DA:229,1
DA:230,1
DA:234,2
DA:235,2
DA:236,1
DA:239,1
DA:240,1
DA:242,3
DA:246,42
DA:247,1
DA:248,1
DA:249,1
DA:250,1
DA:251,1
DA:252,1
DA:256,42
DA:259,42
DA:260,42
DA:262,12
DA:263,12
DA:267,42
DA:296,44
DA:298,44
DA:300,44
DA:301,161
DA:302,161
DA:304,161
DA:306,3
DA:307,3
DA:309,158
DA:327,44
DA:334,13
DA:336,13
DA:338,13
DA:339,47
DA:340,12
DA:341,35
DA:342,11
DA:343,24
DA:344,23
DA:345,11
DA:347,12
DA:349,1
DA:350,0
DA:351,1
DA:352,1
DA:356,13
DA:363,4
DA:364,4
DA:372,6
DA:373,6
DA:375,6
DA:376,6
DA:377,1
DA:378,1
DA:379,0
DA:381,1
DA:383,1
DA:386,6
DA:387,6
DA:394,4
DA:395,4
DA:397,4
DA:398,4
DA:399,4
DA:401,0
DA:405,4
DA:411,1
DA:412,0
DA:414,0
DA:415,0
DA:416,0
DA:420,0
DA:423,0
DA:424,0
DA:425,0
DA:426,0
DA:427,0
DA:431,0
DA:432,0
DA:434,0
DA:438,0
DA:441,0
LF:170
LH:136
BRDA:68,0,0,39
BRDA:79,1,0,41
BRDA:79,1,1,1
BRDA:84,2,0,0
BRDA:84,2,1,4
BRDA:89,3,0,0
BRDA:89,3,1,4
BRDA:92,4,0,3
BRDA:92,4,1,1
BRDA:93,5,0,2
BRDA:93,5,1,1
BRDA:93,6,0,3
BRDA:93,6,1,3
BRDA:93,6,2,3
BRDA:100,7,0,0
BRDA:100,7,1,2
BRDA:102,8,0,0
BRDA:102,8,1,2
BRDA:102,9,0,2
BRDA:102,9,1,2
BRDA:102,9,2,2
BRDA:102,9,3,2
BRDA:107,10,0,2
BRDA:107,10,1,0
BRDA:107,11,0,2
BRDA:107,11,1,2
BRDA:108,12,0,0
BRDA:108,12,1,2
BRDA:108,13,0,2
BRDA:108,13,1,1
BRDA:111,14,0,0
BRDA:111,14,1,2
BRDA:111,15,0,2
BRDA:111,15,1,1
BRDA:114,16,0,0
BRDA:114,16,1,2
BRDA:114,17,0,2
BRDA:114,17,1,0
BRDA:120,18,0,0
BRDA:120,18,1,2
BRDA:120,19,0,2
BRDA:120,19,1,0
BRDA:121,20,0,0
BRDA:121,20,1,0
BRDA:121,21,0,0
BRDA:121,21,1,0
BRDA:124,22,0,0
BRDA:124,22,1,0
BRDA:124,23,0,0
BRDA:124,23,1,0
BRDA:130,24,0,0
BRDA:130,24,1,2
BRDA:130,25,0,2
BRDA:130,25,1,1
BRDA:130,25,2,1
BRDA:130,25,3,1
BRDA:130,25,4,1
BRDA:139,26,0,0
BRDA:139,26,1,4
BRDA:150,27,0,2
BRDA:150,27,1,2
BRDA:166,28,0,0
BRDA:166,28,1,7
BRDA:181,29,0,0
BRDA:185,30,0,2
BRDA:185,30,1,0
BRDA:187,31,0,1
BRDA:187,31,1,1
BRDA:228,32,0,1
BRDA:228,32,1,2
BRDA:234,33,0,2
BRDA:234,33,1,0
BRDA:239,34,0,1
BRDA:239,34,1,0
BRDA:260,35,0,12
BRDA:260,35,1,30
BRDA:260,36,0,42
BRDA:260,36,1,41
BRDA:295,37,0,41
BRDA:298,38,0,0
BRDA:298,38,1,44
BRDA:301,39,0,6
BRDA:301,39,1,155
BRDA:302,40,0,161
BRDA:302,40,1,123
BRDA:304,41,0,3
BRDA:304,41,1,158
BRDA:304,42,0,161
BRDA:304,42,1,3
BRDA:312,43,0,158
BRDA:312,43,1,158
BRDA:336,44,0,0
BRDA:336,44,1,13
BRDA:339,45,0,12
BRDA:339,45,1,35
BRDA:341,46,0,11
BRDA:341,46,1,24
BRDA:342,47,0,11
BRDA:342,47,1,0
BRDA:343,48,0,23
BRDA:343,48,1,1
BRDA:344,49,0,11
BRDA:344,49,1,12
BRDA:344,50,0,23
BRDA:344,50,1,11
BRDA:349,51,0,0
BRDA:349,51,1,1
BRDA:351,52,0,1
BRDA:351,52,1,0
BRDA:351,53,0,1
BRDA:351,53,1,1
BRDA:364,54,0,4
BRDA:364,54,1,0
BRDA:364,55,0,4
BRDA:364,55,1,4
BRDA:378,56,0,0
BRDA:378,56,1,1
BRDA:378,57,0,1
BRDA:378,57,1,1
BRDA:398,58,0,4
BRDA:398,58,1,0
BRDA:398,59,0,4
BRDA:398,59,1,4
BRDA:416,60,0,0
BRDA:416,60,1,0
BRF:125
BRH:89
end_of_record
TN:
SF:src/services/accessControlService.ts
FN:52,(anonymous_0)
FN:59,(anonymous_1)
FN:62,(anonymous_2)
FN:102,(anonymous_3)
FN:103,(anonymous_4)
FN:113,(anonymous_5)
FN:123,(anonymous_6)
FN:136,(anonymous_7)
FN:175,(anonymous_8)
FN:177,(anonymous_9)
FN:190,(anonymous_10)
FN:192,(anonymous_11)
FN:205,(anonymous_12)
FN:213,(anonymous_13)
FN:221,(anonymous_14)
FN:242,(anonymous_15)
FN:259,(anonymous_16)
FN:277,(anonymous_17)
FN:295,(anonymous_18)
FN:296,(anonymous_19)
FN:302,(anonymous_20)
FN:333,(anonymous_21)
FN:412,(anonymous_22)
FN:419,(anonymous_23)
FNF:24
FNH:24
FNDA:40,(anonymous_0)
FNDA:97,(anonymous_1)
FNDA:223,(anonymous_2)
FNDA:24,(anonymous_3)
FNDA:48,(anonymous_4)
FNDA:46,(anonymous_5)
FNDA:11,(anonymous_6)
FNDA:38,(anonymous_7)
FNDA:10,(anonymous_8)
FNDA:20,(anonymous_9)
FNDA:2,(anonymous_10)
FNDA:3,(anonymous_11)
FNDA:55,(anonymous_12)
FNDA:30,(anonymous_13)
FNDA:20,(anonymous_14)
FNDA:20,(anonymous_15)
FNDA:2,(anonymous_16)
FNDA:20,(anonymous_17)
FNDA:93,(anonymous_18)
FNDA:179,(anonymous_19)
FNDA:33,(anonymous_20)
FNDA:39,(anonymous_21)
FNDA:21,(anonymous_22)
FNDA:16,(anonymous_23)
DA:49,5
DA:53,40
DA:61,97
DA:62,223
DA:65,97
DA:66,28
DA:74,69
DA:75,69
DA:77,55
DA:78,20
DA:79,20
DA:80,2
DA:88,53
DA:92,14
DA:103,24
DA:105,48
DA:106,48
DA:107,22
DA:112,26
DA:113,26
DA:114,46
DA:116,26
DA:117,16
DA:122,10
DA:123,10
DA:124,11
DA:125,11
DA:129,0
DA:137,38
DA:139,38
DA:141,5
DA:148,33
DA:151,33
DA:152,31
DA:153,72
DA:154,72
DA:155,33
DA:161,33
DA:164,33
DA:166,33
DA:176,10
DA:177,20
DA:180,10
DA:181,7
DA:183,3
DA:191,2
DA:192,3
DA:195,2
DA:196,1
DA:198,1
DA:206,55
DA:207,55
DA:214,30
DA:215,30
DA:225,20
DA:227,20
DA:228,20
DA:229,2
DA:233,20
DA:243,20
DA:245,20
DA:246,1
DA:249,19
DA:251,16
DA:252,12
DA:254,4
DA:257,2
DA:258,2
DA:259,2
DA:261,1
DA:263,0
DA:266,1
DA:267,1
DA:270,0
DA:278,20
DA:279,20
DA:281,20
DA:282,39
DA:283,38
DA:285,1
DA:289,19
DA:296,179
DA:303,33
DA:305,33
DA:306,116
DA:307,116
DA:309,116
DA:311,25
DA:312,25
DA:317,25
DA:323,91
DA:327,33
DA:334,39
DA:413,21
DA:420,16
DA:424,5
LF:96
LH:93
BRDA:53,0,0,40
BRDA:53,0,1,39
BRDA:62,1,0,223
BRDA:62,1,1,155
BRDA:65,2,0,28
BRDA:65,2,1,69
BRDA:75,3,0,55
BRDA:75,3,1,14
BRDA:75,4,0,69
BRDA:75,4,1,20
BRDA:77,5,0,20
BRDA:77,5,1,35
BRDA:77,6,0,55
BRDA:77,6,1,20
BRDA:79,7,0,2
BRDA:79,7,1,18
BRDA:105,8,0,48
BRDA:105,8,1,0
BRDA:105,9,0,48
BRDA:105,9,1,48
BRDA:106,10,0,22
BRDA:106,10,1,26
BRDA:112,11,0,26
BRDA:112,11,1,0
BRDA:112,12,0,26
BRDA:112,12,1,26
BRDA:116,13,0,16
BRDA:116,13,1,10
BRDA:122,14,0,10
BRDA:122,14,1,0
BRDA:122,15,0,10
BRDA:122,15,1,10
BRDA:139,16,0,5
BRDA:139,16,1,33
BRDA:151,17,0,31
BRDA:151,17,1,2
BRDA:154,18,0,33
BRDA:154,18,1,39
BRDA:180,19,0,7
BRDA:180,19,1,3
BRDA:195,20,0,1
BRDA:195,20,1,1
BRDA:207,21,0,44
BRDA:207,21,1,11
BRDA:215,22,0,30
BRDA:215,22,1,17
BRDA:228,23,0,2
BRDA:228,23,1,18
BRDA:235,24,0,2
BRDA:235,24,1,18
BRDA:245,25,0,1
BRDA:245,25,1,19
BRDA:245,26,0,20
BRDA:245,26,1,19
BRDA:249,27,0,16
BRDA:249,27,1,2
BRDA:249,27,2,1
BRDA:249,27,3,0
BRDA:251,28,0,12
BRDA:251,28,1,4
BRDA:257,29,0,2
BRDA:257,29,1,0
BRDA:258,30,0,1
BRDA:258,30,1,1
BRDA:282,31,0,38
BRDA:282,31,1,1
BRDA:282,32,0,39
BRDA:282,32,1,39
BRDA:282,32,2,39
BRDA:309,33,0,25
BRDA:309,33,1,91
BRDA:313,34,0,25
BRDA:313,34,1,19
BRDA:314,35,0,25
BRDA:314,35,1,25
BRDA:320,36,0,6
BRDA:320,36,1,19
BRF:77
BRH:72
end_of_record
TN:
SF:src/services/difyApiClient.ts
FN:34,(anonymous_0)
FN:48,(anonymous_1)
FN:61,(anonymous_2)
FN:96,(anonymous_3)
FN:112,(anonymous_4)
FN:128,(anonymous_5)
FN:140,(anonymous_6)
FN:161,(anonymous_7)
FN:185,(anonymous_8)
FN:210,(anonymous_9)
FN:252,(anonymous_10)
FN:271,(anonymous_11)
FN:304,(anonymous_12)
FN:319,(anonymous_13)
FN:334,(anonymous_14)
FN:341,(anonymous_15)
FN:367,(anonymous_16)
FN:380,(anonymous_17)
FN:393,(anonymous_18)
FN:402,(anonymous_19)
FN:414,(anonymous_20)
FN:415,(anonymous_21)
FN:421,(anonymous_22)
FN:428,(anonymous_23)
FN:431,(anonymous_24)
FN:437,(anonymous_25)
FN:445,(anonymous_26)
FN:452,(anonymous_27)
FNF:28
FNH:26
FNDA:44,(anonymous_0)
FNDA:16,(anonymous_1)
FNDA:3,(anonymous_2)
FNDA:2,(anonymous_3)
FNDA:2,(anonymous_4)
FNDA:2,(anonymous_5)
FNDA:25,(anonymous_6)
FNDA:26,(anonymous_7)
FNDA:26,(anonymous_8)
FNDA:3,(anonymous_9)
FNDA:25,(anonymous_10)
FNDA:23,(anonymous_11)
FNDA:2,(anonymous_12)
FNDA:2,(anonymous_13)
FNDA:32,(anonymous_14)
FNDA:9,(anonymous_15)
FNDA:8,(anonymous_16)
FNDA:17,(anonymous_17)
FNDA:0,(anonymous_18)
[...]
FNDA:20,(anonymous_4)
FNDA:7,(anonymous_5)
FNDA:7,(anonymous_6)
DA:1,11
DA:5,11
DA:11,11
DA:12,11
DA:13,11
DA:21,10
DA:22,1
DA:25,9
DA:26,9
DA:27,1
DA:28,1
DA:32,8
DA:34,8
DA:36,8
DA:37,8
DA:38,6
DA:39,6
DA:41,2
DA:42,2
DA:44,8
DA:52,8
DA:55,8
DA:65,7
DA:66,1
DA:69,6
DA:72,6
DA:80,6
DA:82,6
DA:85,2
DA:86,2
DA:96,7
DA:97,2
DA:98,2
DA:101,7
DA:102,7
DA:103,1
DA:107,6
DA:108,6
DA:110,6
DA:111,5
DA:112,1
DA:113,1
DA:115,1
DA:117,0
DA:128,20
DA:129,3
DA:130,3
DA:138,7
DA:140,7
DA:141,1
DA:145,6
DA:146,1
DA:150,5
DA:151,2
DA:152,2
DA:156,3
DA:165,7
DA:166,1
DA:167,1
DA:170,6
DA:172,6
DA:173,1
DA:177,5
DA:178,2
DA:182,3
DA:184,3
DA:185,1
DA:186,1
DA:193,2
DA:194,2
LF:70
LH:69
BRDA:21,0,0,1
BRDA:21,0,1,9
BRDA:26,1,0,1
BRDA:26,1,1,8
BRDA:65,2,0,1
BRDA:65,2,1,6
BRDA:74,3,0,6
BRDA:74,3,1,0
BRDA:75,4,0,6
BRDA:75,4,1,0
BRDA:96,5,0,2
BRDA:96,5,1,5
BRDA:102,6,0,1
BRDA:102,6,1,6
BRDA:102,7,0,7
BRDA:102,7,1,6
BRDA:110,8,0,5
BRDA:110,8,1,1
BRDA:128,9,0,3
BRDA:128,9,1,17
BRDA:140,10,0,1
BRDA:140,10,1,6
BRDA:145,11,0,1
BRDA:145,11,1,5
BRDA:150,12,0,2
BRDA:150,12,1,3
BRDA:165,13,0,1
BRDA:165,13,1,6
BRDA:172,14,0,1
BRDA:172,14,1,5
BRDA:177,15,0,2
BRDA:177,15,1,3
BRDA:184,16,0,1
BRDA:184,16,1,2
BRDA:188,17,0,1
BRDA:188,17,1,0
BRF:36
BRH:33
end_of_record
TN:
SF:src/services/userAttributeService.ts
FN:63,(anonymous_0)
FN:80,(anonymous_1)
FN:109,(anonymous_2)
FN:138,(anonymous_3)
FN:157,(anonymous_4)
FN:168,(anonymous_5)
FN:179,(anonymous_6)
FN:190,(anonymous_7)
FN:209,(anonymous_8)
FN:236,(anonymous_9)
FN:261,(anonymous_10)
FN:281,(anonymous_11)
FN:296,(anonymous_12)
FN:350,(anonymous_13)
FN:359,(anonymous_14)
FN:375,(anonymous_15)
FNF:16
FNH:16
FNDA:9,(anonymous_0)
FNDA:59,(anonymous_1)
FNDA:58,(anonymous_2)
FNDA:59,(anonymous_3)
FNDA:34,(anonymous_4)
FNDA:16,(anonymous_5)
FNDA:8,(anonymous_6)
FNDA:52,(anonymous_7)
FNDA:28,(anonymous_8)
FNDA:16,(anonymous_9)
FNDA:8,(anonymous_10)
FNDA:52,(anonymous_11)
FNDA:52,(anonymous_12)
FNDA:56,(anonymous_13)
FNDA:3,(anonymous_14)
FNDA:2,(anonymous_15)
DA:62,3
DA:65,9
DA:66,9
DA:68,9
DA:69,9
DA:76,3
DA:85,59
DA:88,58
DA:91,49
DA:94,49
DA:96,49
DA:113,58
DA:115,58
DA:116,171
DA:117,2
DA:126,56
DA:127,7
DA:142,59
DA:144,34
DA:146,16
DA:148,8
DA:150,1
DA:158,34
DA:169,16
DA:180,8
DA:194,52
DA:196,28
DA:198,16
DA:200,8
DA:202,0
DA:210,28
DA:211,28
DA:213,28
DA:216,28
DA:217,21
DA:221,28
DA:222,21
DA:225,28
DA:237,16
DA:239,16
DA:242,16
DA:243,15
DA:247,16
DA:248,15
DA:251,16
DA:262,8
DA:264,8
DA:267,8
DA:268,7
DA:271,8
DA:282,52
DA:283,52
DA:284,0
DA:290,52
DA:301,52
DA:302,0
DA:310,52
DA:311,0
DA:319,52
DA:320,103
DA:321,0
DA:330,52
DA:331,0
DA:338,52
DA:339,0
DA:352,56
DA:353,56
DA:363,3
DA:364,3
DA:366,3
DA:379,2
DA:392,3
LF:72
LH:65
BRDA:116,0,0,2
BRDA:116,0,1,169
BRDA:116,1,0,171
BRDA:116,1,1,169
BRDA:126,2,0,7
BRDA:126,2,1,49
BRDA:142,3,0,34
BRDA:142,3,1,16
BRDA:142,3,2,8
BRDA:142,3,3,1
BRDA:160,4,0,34
BRDA:160,4,1,33
BRDA:160,4,2,15
BRDA:161,5,0,34
BRDA:161,5,1,15
BRDA:172,6,0,16
BRDA:172,6,1,1
BRDA:181,7,0,8
BRDA:181,7,1,0
BRDA:183,8,0,8
BRDA:183,8,1,1
BRDA:183,9,0,1
BRDA:183,9,1,0
BRDA:183,10,0,1
BRDA:183,10,1,0
BRDA:194,11,0,28
BRDA:194,11,1,16
BRDA:194,11,2,8
BRDA:194,11,3,0
BRDA:210,12,0,28
BRDA:210,12,1,27
BRDA:210,12,2,6
BRDA:216,13,0,21
BRDA:216,13,1,7
BRDA:221,14,0,21
BRDA:221,14,1,7
BRDA:242,15,0,15
BRDA:242,15,1,1
BRDA:247,16,0,15
BRDA:247,16,1,1
BRDA:254,17,0,16
BRDA:254,17,1,0
BRDA:267,18,0,7
BRDA:267,18,1,1
BRDA:274,19,0,8
BRDA:274,19,1,1
BRDA:283,20,0,0
BRDA:283,20,1,52
BRDA:301,21,0,0
BRDA:301,21,1,52
BRDA:301,22,0,52
BRDA:301,22,1,52
BRDA:310,23,0,0
BRDA:310,23,1,52
BRDA:320,24,0,0
BRDA:320,24,1,103
BRDA:330,25,0,0
BRDA:330,25,1,52
BRDA:330,26,0,52
BRDA:330,26,1,21
BRDA:338,27,0,0
BRDA:338,27,1,52
BRDA:338,28,0,52
BRDA:338,28,1,42
BRDA:353,29,0,56
BRDA:353,29,1,50
BRDA:380,30,0,2
BRDA:380,30,1,2
BRDA:381,31,0,2
BRDA:381,31,1,1
BRDA:382,32,0,1
BRDA:382,32,1,1
BRDA:385,33,0,1
BRDA:385,33,1,1
BRF:74
BRH:63
end_of_record
TN:
SF:src/services/workflowExecutionService.ts
FN:98,(anonymous_0)
FN:121,(anonymous_1)
FN:142,(anonymous_2)
FN:223,(anonymous_3)
FN:230,(anonymous_4)
FN:255,(anonymous_5)
FN:304,(anonymous_6)
FN:377,(anonymous_7)
FN:391,(anonymous_8)
FN:397,(anonymous_9)
FN:453,(anonymous_10)
FN:465,(anonymous_11)
FN:471,(anonymous_12)
FN:472,(anonymous_13)
FN:507,(anonymous_14)
FN:547,(anonymous_15)
FN:602,(anonymous_16)
FN:638,(anonymous_17)
FN:697,(anonymous_18)
FN:709,validateWorkflowInput
FN:713,formatWorkflowResult
FNF:21
FNH:18
FNDA:6,(anonymous_0)
FNDA:17,(anonymous_1)
FNDA:5,(anonymous_2)
FNDA:0,(anonymous_3)
FNDA:2,(anonymous_4)
FNDA:21,(anonymous_5)
FNDA:28,(anonymous_6)
FNDA:5,(anonymous_7)
FNDA:1,(anonymous_8)
FNDA:0,(anonymous_9)
FNDA:3,(anonymous_10)
FNDA:3,(anonymous_11)
FNDA:3,(anonymous_12)
FNDA:3,(anonymous_13)
FNDA:1,(anonymous_14)
FNDA:6,(anonymous_15)
FNDA:1,(anonymous_16)
FNDA:6,(anonymous_17)
FNDA:27,(anonymous_18)
FNDA:1,validateWorkflowInput
FNDA:0,formatWorkflowResult
DA:1,3
DA:92,3
DA:105,6
DA:106,6
DA:107,6
DA:108,6
DA:109,6
DA:110,6
DA:114,3
DA:115,37
DA:116,37
DA:122,17
DA:124,17
DA:125,17
DA:127,0
DA:133,17
DA:147,5
DA:149,5
DA:151,5
DA:154,5
DA:155,5
DA:156,1
DA:165,4
DA:172,3
DA:181,3
DA:184,3
DA:185,1
DA:194,3
DA:200,1
DA:204,2
DA:206,2
DA:224,0
DA:231,2
DA:233,2
DA:236,2
DA:239,1
DA:240,1
DA:241,0
DA:242,0
DA:245,1
DA:247,1
DA:248,1
DA:262,21
DA:263,10
DA:264,12
DA:265,2
DA:274,21
DA:275,21
DA:276,25
DA:277,25
DA:279,25
DA:280,23
DA:286,21
DA:287,1
DA:288,1
DA:289,2
DA:290,1
DA:291,1
DA:311,28
DA:312,28
DA:313,4
DA:319,4
DA:323,24
DA:324,16
DA:325,1
DA:331,16
DA:332,0
DA:338,16
DA:339,1
DA:348,24
DA:349,2
DA:350,0
DA:356,2
DA:357,1
DA:366,24
DA:367,2
DA:375,24
DA:376,2
DA:377,2
DA:378,5
DA:384,24
DA:385,4
DA:397,1
DA:398,0
DA:399,0
DA:400,0
DA:402,0
DA:403,0
DA:404,0
DA:407,0
DA:409,0
DA:410,0
DA:412,0
DA:413,0
DA:417,0
DA:418,0
DA:419,0
DA:423,0
DA:424,0
DA:425,0
DA:426,0
DA:429,0
DA:433,0
DA:434,0
DA:437,0
DA:438,0
DA:441,0
DA:442,0
DA:447,1
DA:454,3
DA:455,3
DA:456,1
DA:457,1
DA:459,3
DA:469,3
DA:471,3
DA:472,3
DA:473,3
DA:474,3
DA:476,3
DA:477,1
DA:478,1
DA:482,2
DA:483,0
DA:490,0
DA:494,2
DA:496,0
DA:500,3
DA:513,1
DA:514,1
DA:518,1
DA:519,1
DA:522,1
DA:549,6
DA:553,6
DA:555,2
DA:556,1
DA:557,1
DA:558,0
DA:559,0
DA:561,1
DA:563,4
DA:565,1
DA:566,1
DA:567,1
DA:569,0
DA:571,3
DA:573,3
DA:574,1
DA:575,1
DA:576,2
DA:577,1
DA:578,1
DA:580,1
DA:585,6
DA:586,3
DA:587,1
DA:588,1
DA:592,6
DA:605,1
DA:623,1
DA:624,1
DA:632,1
DA:639,6
DA:640,2
DA:644,4
DA:645,3
DA:647,3
DA:649,1
DA:657,1
DA:665,1
DA:673,0
DA:684,1
DA:685,1
DA:699,27
DA:700,1
DA:706,3
DA:709,3
DA:710,1
DA:713,3
DA:714,0
LF:181
LH:142
BRDA:103,0,0,4
BRDA:129,1,0,0
BRDA:129,1,1,0
BRDA:145,2,0,2
BRDA:155,3,0,1
BRDA:155,3,1,4
BRDA:184,4,0,1
BRDA:184,4,1,2
BRDA:187,5,0,1
BRDA:187,5,1,0
BRDA:196,6,0,3
BRDA:196,6,1,2
BRDA:224,7,0,0
BRDA:224,7,1,0
BRDA:240,8,0,0
BRDA:240,8,1,1
BRDA:262,9,0,10
BRDA:262,9,1,11
BRDA:264,10,0,2
BRDA:264,10,1,10
BRDA:266,11,0,0
BRDA:266,11,1,2
BRDA:274,12,0,21
BRDA:274,12,1,0
BRDA:276,13,0,8
BRDA:276,13,1,17
BRDA:279,14,0,23
BRDA:279,14,1,2
BRDA:286,15,0,1
BRDA:286,15,1,20
BRDA:287,16,0,1
BRDA:287,16,1,0
BRDA:289,17,0,1
BRDA:289,17,1,1
BRDA:292,18,0,0
BRDA:292,18,1,1
BRDA:311,19,0,2
BRDA:311,19,1,26
BRDA:312,20,0,4
BRDA:312,20,1,24
BRDA:312,21,0,28
BRDA:312,21,1,28
BRDA:323,22,0,16
BRDA:323,22,1,8
BRDA:323,23,0,24
BRDA:323,23,1,16
BRDA:324,24,0,1
BRDA:324,24,1,15
BRDA:324,25,0,16
BRDA:324,25,1,2
BRDA:331,26,0,0
BRDA:331,26,1,16
BRDA:331,27,0,16
BRDA:331,27,1,1
BRDA:338,28,0,1
BRDA:338,28,1,15
BRDA:338,29,0,16
BRDA:338,29,1,1
BRDA:348,30,0,2
BRDA:348,30,1,22
BRDA:348,31,0,24
BRDA:348,31,1,2
BRDA:349,32,0,0
BRDA:349,32,1,2
BRDA:349,33,0,2
BRDA:349,33,1,1
BRDA:356,34,0,1
BRDA:356,34,1,1
BRDA:356,35,0,2
BRDA:356,35,1,1
BRDA:366,36,0,2
BRDA:366,36,1,22
BRDA:366,37,0,24
BRDA:366,37,1,3
BRDA:375,38,0,2
BRDA:375,38,1,22
BRDA:375,39,0,24
BRDA:375,39,1,2
BRDA:376,40,0,2
BRDA:376,40,1,0
BRDA:384,41,0,4
BRDA:384,41,1,20
BRDA:384,42,0,24
BRDA:384,42,1,4
BRDA:384,42,2,4
BRDA:402,43,0,0
BRDA:402,43,1,0
BRDA:407,44,0,0
BRDA:407,44,1,0
BRDA:407,44,2,0
BRDA:407,44,3,0
BRDA:407,44,4,0
BRDA:423,45,0,0
BRDA:423,45,1,0
BRDA:423,46,0,0
BRDA:423,46,1,0
BRDA:433,47,0,0
BRDA:433,47,1,0
BRDA:441,48,0,0
BRDA:441,48,1,0
BRDA:455,49,0,1
BRDA:455,49,1,2
BRDA:476,50,0,1
BRDA:476,50,1,2
BRDA:482,51,0,0
BRDA:482,51,1,2
BRDA:518,52,0,1
BRDA:518,52,1,0
BRDA:527,53,0,0
BRDA:527,53,1,1
BRDA:536,54,0,1
BRDA:536,54,1,0
BRDA:538,55,0,1
BRDA:538,55,1,0
BRDA:553,56,0,2
BRDA:553,56,1,4
BRDA:555,57,0,1
BRDA:555,57,1,1
BRDA:555,58,0,2
BRDA:555,58,1,1
BRDA:557,59,0,0
BRDA:557,59,1,1
BRDA:563,60,0,1
BRDA:563,60,1,3
BRDA:565,61,0,1
BRDA:565,61,1,0
BRDA:565,62,0,1
BRDA:565,62,1,1
BRDA:565,62,2,1
BRDA:571,63,0,3
BRDA:571,63,1,0
BRDA:571,64,0,3
BRDA:571,64,1,3
BRDA:573,65,0,1
BRDA:573,65,1,2
BRDA:573,66,0,3
BRDA:573,66,1,2
BRDA:573,66,2,2
BRDA:576,67,0,1
BRDA:576,67,1,1
BRDA:576,68,0,2
BRDA:576,68,1,1
BRDA:585,69,0,3
BRDA:585,69,1,3
BRDA:586,70,0,1
BRDA:586,70,1,2
BRDA:587,71,0,1
BRDA:587,71,1,0
BRDA:609,72,0,1
BRDA:609,72,1,0
BRDA:610,73,0,1
BRDA:610,73,1,0
BRDA:615,74,0,1
BRDA:615,74,1,0
BRDA:616,75,0,0
BRDA:616,75,1,0
BRDA:617,76,0,1
BRDA:617,76,1,0
BRDA:618,77,0,1
BRDA:618,77,1,0
BRDA:623,78,0,1
BRDA:623,78,1,0
BRDA:627,79,0,1
BRDA:627,79,1,0
BRDA:639,80,0,2
BRDA:639,80,1,4
BRDA:644,81,0,3
BRDA:644,81,1,1
BRDA:644,82,0,4
BRDA:644,82,1,4
BRDA:644,82,2,4
BRDA:647,83,0,1
BRDA:647,83,1,1
BRDA:647,83,2,1
BRDA:647,83,3,1
BRDA:647,83,4,1
BRDA:647,83,5,0
BRDA:684,84,0,1
BRDA:684,84,1,0
BRF:179
BRH:131
end_of_record
TN:
SF:src/types/error.ts
FN:8,(anonymous_0)
FN:22,(anonymous_1)
FNF:2
FNH:2
FNDA:7,(anonymous_0)
FNDA:7,(anonymous_1)
DA:8,7
DA:9,7
DA:10,7
DA:11,7
DA:12,7
DA:13,7
DA:14,7
DA:15,7
DA:16,7
DA:22,7
DA:23,7
DA:24,7
DA:25,7
DA:26,7
LF:14
LH:14
BRDA:8,0,0,7
BRDA:8,0,1,7
BRDA:22,1,0,7
BRDA:22,1,1,7
BRF:4
BRH:4
end_of_record
TN:
SF:src/utils/errorHandlingIntegration.ts
FN:30,fetchWithErrorHandling
FN:38,(anonymous_1)
FN:86,authOperationWithErrorHandling
FN:117,authorizationCheckWithErrorHandling
FN:165,difyApiOperationWithErrorHandling
FN:220,withErrorHandling
FN:227,(anonymous_6)
FN:236,(anonymous_7)
FN:246,(anonymous_8)
FN:252,(anonymous_9)
FN:266,withMethodErrorHandling
FN:270,(anonymous_11)
FN:273,(anonymous_12)
FN:280,(anonymous_13)
FN:290,(anonymous_14)
FN:296,(anonymous_15)
FN:313,createErrorHandledService
FN:345,useErrorHandledCallback
FN:356,withPromiseErrorHandling
FN:367,(anonymous_19)
FN:377,(anonymous_20)
FN:383,(anonymous_21)
FN:395,isAuthenticationError
FN:399,isAuthorizationError
FN:403,isNetworkError
FN:407,isDifyApiError
FNF:26
FNH:0
FNDA:0,fetchWithErrorHandling
FNDA:0,(anonymous_1)
FNDA:0,authOperationWithErrorHandling
FNDA:0,authorizationCheckWithErrorHandling
FNDA:0,difyApiOperationWithErrorHandling
FNDA:0,withErrorHandling
FNDA:0,(anonymous_6)
FNDA:0,(anonymous_7)
FNDA:0,(anonymous_8)
FNDA:0,(anonymous_9)
FNDA:0,withMethodErrorHandling
FNDA:0,(anonymous_11)
FNDA:0,(anonymous_12)
FNDA:0,(anonymous_13)
FNDA:0,(anonymous_14)
FNDA:0,(anonymous_15)
FNDA:0,createErrorHandledService
FNDA:0,useErrorHandledCallback
FNDA:0,withPromiseErrorHandling
FNDA:0,(anonymous_19)
FNDA:0,(anonymous_20)
FNDA:0,(anonymous_21)
FNDA:0,isAuthenticationError
FNDA:0,isAuthorizationError
FNDA:0,isNetworkError
FNDA:0,isDifyApiError
DA:6,0
DA:14,0
DA:20,0
DA:30,0
DA:38,0
DA:40,0
DA:41,0
DA:43,0
DA:44,0
DA:55,0
DA:61,0
DA:63,0
DA:65,0
DA:73,0
DA:79,0
DA:86,0
DA:93,0
DA:94,0
DA:96,0
DA:97,0
DA:98,0
DA:102,0
DA:110,0
DA:117,0
DA:126,0
DA:127,0
DA:129,0
DA:130,0
DA:138,0
DA:141,0
DA:143,0
DA:144,0
DA:145,0
DA:149,0
DA:157,0
DA:158,0
DA:165,0
DA:174,0
DA:175,0
DA:177,0
DA:178,0
DA:179,0
DA:184,0
DA:187,0
DA:188,0
DA:189,0
DA:190,0
DA:191,0
DA:192,0
DA:193,0
DA:194,0
DA:195,0
DA:196,0
DA:197,0
DA:198,0
DA:199,0
DA:200,0
DA:201,0
DA:202,0
DA:206,0
DA:213,0
DA:220,0
DA:227,0
DA:228,0
DA:229,0
DA:232,0
DA:233,0
DA:235,0
DA:236,0
DA:241,0
DA:244,0
DA:246,0
DA:251,0
DA:252,0
DA:258,0
DA:266,0
DA:270,0
DA:271,0
DA:273,0
DA:274,0
DA:275,0
DA:277,0
DA:279,0
DA:280,0
DA:285,0
DA:288,0
DA:290,0
DA:295,0
DA:296,0
DA:301,0
DA:306,0
DA:313,0
DA:320,0
DA:322,0
DA:323,0
DA:324,0
DA:326,0
DA:327,0
DA:332,0
DA:335,0
DA:339,0
DA:345,0
DA:350,0
DA:356,0
DA:361,0
DA:362,0
DA:364,0
DA:366,0
DA:367,0
DA:372,0
DA:375,0
DA:377,0
DA:382,0
DA:383,0
DA:388,0
DA:396,0
DA:400,0
DA:404,0
DA:408,0
DA:413,0
DA:414,0
DA:415,0
DA:416,0
LF:123
LH:0
BRDA:32,0,0,0
BRDA:38,1,0,0
BRDA:38,1,1,0
BRDA:43,2,0,0
BRDA:43,2,1,0
BRDA:49,3,0,0
BRDA:49,3,1,0
BRDA:50,4,0,0
BRDA:50,4,1,0
BRDA:56,5,0,0
BRDA:56,5,1,0
BRDA:57,6,0,0
BRDA:57,6,1,0
BRDA:63,7,0,0
BRDA:63,7,1,0
BRDA:63,8,0,0
BRDA:63,8,1,0
BRDA:68,9,0,0
BRDA:68,9,1,0
BRDA:69,10,0,0
BRDA:69,10,1,0
BRDA:74,11,0,0
BRDA:74,11,1,0
BRDA:75,12,0,0
BRDA:75,12,1,0
BRDA:96,13,0,0
BRDA:96,13,1,0
BRDA:103,14,0,0
BRDA:103,14,1,0
BRDA:129,15,0,0
BRDA:129,15,1,0
BRDA:131,16,0,0
BRDA:131,16,1,0
BRDA:143,17,0,0
BRDA:143,17,1,0
BRDA:150,18,0,0
BRDA:150,18,1,0
BRDA:177,19,0,0
BRDA:177,19,1,0
BRDA:184,20,0,0
BRDA:184,20,1,0
BRDA:187,21,0,0
BRDA:187,21,1,0
BRDA:188,22,0,0
BRDA:188,22,1,0
BRDA:190,23,0,0
BRDA:190,23,1,0
BRDA:191,24,0,0
BRDA:191,24,1,0
BRDA:194,25,0,0
BRDA:194,25,1,0
BRDA:197,26,0,0
BRDA:197,26,1,0
BRDA:200,27,0,0
BRDA:200,27,1,0
BRDA:232,28,0,0
BRDA:232,28,1,0
BRDA:233,29,0,0
BRDA:233,29,1,0
BRDA:233,29,2,0
BRDA:237,30,0,0
BRDA:237,30,1,0
BRDA:242,31,0,0
BRDA:242,31,1,0
BRDA:253,32,0,0
BRDA:253,32,1,0
BRDA:277,33,0,0
BRDA:277,33,1,0
BRDA:277,33,2,0
BRDA:277,33,3,0
BRDA:281,34,0,0
BRDA:281,34,1,0
BRDA:286,35,0,0
BRDA:286,35,1,0
BRDA:297,36,0,0
BRDA:297,36,1,0
BRDA:323,37,0,0
BRDA:323,37,1,0
BRDA:326,38,0,0
BRDA:326,38,1,0
BRDA:364,39,0,0
BRDA:364,39,1,0
BRDA:364,39,2,0
BRDA:364,39,3,0
BRDA:368,40,0,0
BRDA:368,40,1,0
BRDA:373,41,0,0
BRDA:373,41,1,0
BRDA:384,42,0,0
BRDA:384,42,1,0
BRDA:396,43,0,0
BRDA:396,43,1,0
BRDA:400,44,0,0
BRDA:400,44,1,0
BRDA:404,45,0,0
BRDA:404,45,1,0
BRDA:408,46,0,0
BRDA:408,46,1,0
BRF:98
BRH:0
end_of_record
TN:
SF:src/utils/errorUtils.ts
FN:23,(anonymous_0)
FN:46,(anonymous_1)
FN:56,(anonymous_2)
FN:67,(anonymous_3)
FN:80,(anonymous_4)
FN:92,(anonymous_5)
FN:104,(anonymous_6)
FN:115,(anonymous_7)
FN:129,(anonymous_8)
FN:155,(anonymous_9)
FN:186,(anonymous_10)
FN:201,(anonymous_11)
FN:226,(anonymous_12)
FN:227,(anonymous_13)
FN:242,(anonymous_14)
FN:253,(anonymous_15)
FN:268,(anonymous_16)
FN:290,(anonymous_17)
FN:312,(anonymous_18)
FN:319,(anonymous_19)
FN:337,(anonymous_20)
FN:344,(anonymous_21)
FN:371,(anonymous_22)
FN:391,(anonymous_23)
FNF:24
FNH:23
FNDA:175,(anonymous_0)
FNDA:20,(anonymous_1)
FNDA:13,(anonymous_2)
FNDA:31,(anonymous_3)
FNDA:3,(anonymous_4)
FNDA:15,(anonymous_5)
FNDA:2,(anonymous_6)
FNDA:2,(anonymous_7)
FNDA:106,(anonymous_8)
FNDA:157,(anonymous_9)
FNDA:6,(anonymous_10)
FNDA:4,(anonymous_11)
FNDA:2,(anonymous_12)
FNDA:2,(anonymous_13)
FNDA:3,(anonymous_14)
FNDA:27,(anonymous_15)
FNDA:36,(anonymous_16)
FNDA:2,(anonymous_17)
FNDA:0,(anonymous_18)
FNDA:71,(anonymous_19)
FNDA:67,(anonymous_20)
FNDA:246,(anonymous_21)
FNDA:246,(anonymous_22)
FNDA:46,(anonymous_23)
DA:5,7
DA:23,7
DA:28,175
DA:40,175
DA:46,7
DA:49,20
DA:56,7
DA:59,13
DA:67,7
DA:70,31
DA:80,7
DA:83,3
DA:92,7
DA:95,15
DA:104,7
DA:107,2
DA:115,7
DA:118,2
DA:129,7
DA:130,106
DA:132,21
DA:134,13
DA:136,35
DA:138,5
DA:140,15
DA:142,5
DA:144,7
DA:146,5
DA:148,0
DA:155,7
DA:156,157
DA:158,6
DA:159,6
DA:165,0
DA:168,2
DA:169,2
DA:173,147
DA:179,2
DA:186,7
DA:188,6
DA:195,6
DA:201,7
DA:202,4
DA:203,1
DA:206,3
DA:209,3
DA:210,3
DA:213,3
DA:214,3
DA:215,3
DA:216,3
DA:218,0
DA:223,3
DA:224,1
DA:226,2
DA:227,2
DA:232,3
DA:233,2
DA:236,3
DA:242,7
DA:243,3
DA:244,0
DA:247,3
DA:248,3
DA:250,3
DA:251,5
DA:253,27
DA:254,2
DA:255,3
DA:256,1
DA:258,2
DA:262,3
DA:268,7
DA:269,36
DA:271,4
DA:274,4
DA:277,12
DA:278,12
DA:279,1
DA:280,11
DA:281,1
DA:282,10
DA:283,1
DA:285,9
DA:288,3
DA:289,3
DA:290,2
DA:292,2
DA:295,3
DA:298,4
DA:301,3
DA:305,3
DA:312,7
DA:313,0
DA:319,7
DA:323,71
DA:337,7
DA:338,67
DA:344,7
DA:345,246
DA:347,246
DA:349,246
DA:350,246
DA:351,1
DA:352,1
DA:356,245
DA:357,245
DA:358,35
DA:359,35
DA:365,210
DA:371,7
DA:372,246
DA:374,246
DA:376,246
DA:377,246
DA:378,1
DA:379,1
DA:385,245
DA:391,7
DA:396,46
DA:405,7
LF:121
LH:116
BRDA:26,0,0,25
BRDA:31,1,0,175
BRDA:31,1,1,106
BRDA:35,2,0,175
BRDA:35,2,1,0
BRDA:36,3,0,175
BRDA:36,3,1,0
BRDA:48,4,0,1
BRDA:58,5,0,2
BRDA:69,6,0,1
BRDA:77,7,0,31
BRDA:77,7,1,29
BRDA:82,8,0,1
BRDA:94,9,0,0
BRDA:106,10,0,1
BRDA:117,11,0,1
BRDA:130,12,0,21
BRDA:130,12,1,13
BRDA:130,12,2,35
BRDA:130,12,3,5
BRDA:130,12,4,15
BRDA:130,12,5,5
BRDA:130,12,6,7
BRDA:130,12,7,5
BRDA:130,12,8,0
BRDA:156,13,0,6
BRDA:156,13,1,0
BRDA:156,13,2,2
BRDA:156,13,3,146
BRDA:156,13,4,147
BRDA:156,13,5,1
BRDA:156,13,6,2
BRDA:156,13,7,2
BRDA:156,13,8,2
BRDA:159,14,0,6
BRDA:159,14,1,5
BRDA:159,14,2,4
BRDA:159,14,3,3
BRDA:202,15,0,1
BRDA:202,15,1,3
BRDA:213,16,0,3
BRDA:213,16,1,0
BRDA:223,17,0,1
BRDA:223,17,1,2
BRDA:232,18,0,2
BRDA:232,18,1,1
BRDA:232,19,0,3
BRDA:232,19,1,2
BRDA:243,20,0,0
BRDA:243,20,1,3
BRDA:243,21,0,3
BRDA:243,21,1,3
BRDA:253,22,0,2
BRDA:253,22,1,3
BRDA:255,23,0,1
BRDA:255,23,1,2
BRDA:255,24,0,3
BRDA:255,24,1,1
BRDA:269,25,0,4
BRDA:269,25,1,4
BRDA:269,25,2,12
BRDA:269,25,3,3
BRDA:269,25,4,3
BRDA:269,25,5,4
BRDA:269,25,6,3
BRDA:269,25,7,3
BRDA:269,25,8,3
BRDA:278,26,0,1
BRDA:278,26,1,11
BRDA:280,27,0,1
BRDA:280,27,1,10
BRDA:280,28,0,11
BRDA:280,28,1,2
BRDA:282,29,0,1
BRDA:282,29,1,9
BRDA:289,30,0,1
BRDA:289,30,1,2
BRDA:289,31,0,3
BRDA:289,31,1,1
BRDA:324,32,0,71
BRDA:324,32,1,67
BRDA:326,33,0,71
BRDA:326,33,1,0
BRDA:327,34,0,71
BRDA:327,34,1,0
BRDA:345,35,0,0
BRDA:345,35,1,246
BRDA:350,36,0,1
BRDA:350,36,1,245
BRDA:357,37,0,35
BRDA:357,37,1,210
BRDA:372,38,0,0
BRDA:372,38,1,246
BRDA:377,39,0,1
BRDA:377,39,1,245
BRDA:393,40,0,1
BRDA:394,41,0,1
BRF:97
BRH:86
end_of_record
TN:
SF:src/utils/index.ts
FN:7,(anonymous_4)
FN:8,(anonymous_5)
FN:9,(anonymous_6)
FN:10,(anonymous_7)
FN:11,(anonymous_8)
FN:12,(anonymous_9)
FN:13,(anonymous_10)
FN:14,(anonymous_11)
FN:15,(anonymous_12)
FN:16,(anonymous_13)
FN:17,(anonymous_14)
FN:18,(anonymous_15)
FN:19,(anonymous_16)
FNF:13
FNH:0
FNDA:0,(anonymous_4)
FNDA:0,(anonymous_5)
FNDA:0,(anonymous_6)
FNDA:0,(anonymous_7)
FNDA:0,(anonymous_8)
FNDA:0,(anonymous_9)
FNDA:0,(anonymous_10)
FNDA:0,(anonymous_11)
FNDA:0,(anonymous_12)
FNDA:0,(anonymous_13)
FNDA:0,(anonymous_14)
FNDA:0,(anonymous_15)
FNDA:0,(anonymous_16)
DA:2,0
DA:3,0
DA:6,0
DA:7,0
DA:8,0
DA:9,0
DA:10,0
DA:11,0
DA:12,0
DA:13,0
DA:14,0
DA:15,0
DA:16,0
DA:17,0
DA:18,0
DA:19,0
LF:16
LH:0
BRF:0
BRH:0
end_of_record
TN:
SF:src/utils/oauth-redirect.ts
FN:22,parseOAuthCallback
FN:46,handleOAuthCallback
FN:94,generateOAuthLoginUrl
FN:109,initiateOAuthLogin
FN:143,exchangeCodeForUserInfo
FN:179,getOAuthErrorMessage
FN:197,validateOAuthConfig
FN:225,getProviderDisplayInfo
FNF:8
FNH:8
FNDA:5,parseOAuthCallback
FNDA:4,handleOAuthCallback
FNDA:3,generateOAuthLoginUrl
FNDA:1,initiateOAuthLogin
FNDA:2,exchangeCodeForUserInfo
FNDA:4,getOAuthErrorMessage
FNDA:3,validateOAuthConfig
FNDA:3,getProviderDisplayInfo
DA:2,7
DA:22,7
DA:23,5
DA:24,5
DA:27,5
DA:28,5
DA:30,5
DA:31,1
DA:34,4
DA:46,7
DA:52,4
DA:55,4
DA:56,1
DA:57,1
DA:65,3
DA:66,1
DA:73,2
DA:75,2
DA:77,1
DA:83,1
DA:94,7
DA:95,3
DA:96,3
DA:98,2
DA:109,7
DA:110,1
DA:111,1
DA:112,0
DA:114,1
DA:143,7
DA:147,2
DA:148,2
DA:151,2
DA:164,2
DA:165,1
DA:168,1
DA:171,1
DA:173,1
DA:179,7
DA:180,4
DA:191,4
DA:197,7
DA:201,3
DA:202,3
DA:204,3
DA:205,1
DA:208,3
DA:209,0
DA:212,3
DA:213,1
DA:216,3
DA:225,7
DA:230,3
DA:248,3
LF:54
LH:52
BRDA:30,0,0,1
BRDA:30,0,1,4
BRDA:35,1,0,4
BRDA:35,1,1,1
BRDA:36,2,0,4
BRDA:36,2,1,0
BRDA:37,3,0,4
BRDA:37,3,1,3
BRDA:38,4,0,4
BRDA:38,4,1,3
BRDA:55,5,0,1
BRDA:55,5,1,3
BRDA:56,6,0,1
BRDA:56,6,1,0
BRDA:65,7,0,1
BRDA:65,7,1,2
BRDA:65,8,0,3
BRDA:65,8,1,2
BRDA:85,9,0,1
BRDA:85,9,1,0
BRDA:100,10,0,2
BRDA:100,10,1,0
BRDA:116,11,0,1
BRDA:116,11,1,0
BRDA:164,12,0,1
BRDA:164,12,1,1
BRDA:191,13,0,4
BRDA:191,13,1,1
BRDA:204,14,0,1
BRDA:204,14,1,2
BRDA:208,15,0,0
BRDA:208,15,1,3
BRDA:212,16,0,1
BRDA:212,16,1,2
BRDA:212,17,0,3
BRDA:212,17,1,2
BRDA:212,17,2,2
BRF:37
BRH:31
end_of_record
